::1 - - [14/Feb/2020:11:35:21 +0100] "GET / HTTP/1.1" 302 - "-" "Mozilla/5.0 (Windows NT 10.0; Win64; x64; rv:74.0) Gecko/20100101 Firefox/74.0"
::1 - - [14/Feb/2020:11:35:21 +0100] "GET /dashboard/ HTTP/1.1" 200 7577 "-" "Mozilla/5.0 (Windows NT 10.0; Win64; x64; rv:74.0) Gecko/20100101 Firefox/74.0"
::1 - - [14/Feb/2020:11:35:22 +0100] "GET /dashboard/images/bitnami-xampp.png HTTP/1.1" 200 22133 "http://localhost/dashboard/" "Mozilla/5.0 (Windows NT 10.0; Win64; x64; rv:74.0) Gecko/20100101 Firefox/74.0"
::1 - - [14/Feb/2020:11:35:22 +0100] "GET /dashboard/stylesheets/normalize.css HTTP/1.1" 200 6876 "http://localhost/dashboard/" "Mozilla/5.0 (Windows NT 10.0; Win64; x64; rv:74.0) Gecko/20100101 Firefox/74.0"
::1 - - [14/Feb/2020:11:35:22 +0100] "GET /dashboard/images/fastly-logo.png HTTP/1.1" 200 1770 "http://localhost/dashboard/" "Mozilla/5.0 (Windows NT 10.0; Win64; x64; rv:74.0) Gecko/20100101 Firefox/74.0"
::1 - - [14/Feb/2020:11:35:22 +0100] "GET /dashboard/images/xampp-logo.svg HTTP/1.1" 200 5427 "http://localhost/dashboard/" "Mozilla/5.0 (Windows NT 10.0; Win64; x64; rv:74.0) Gecko/20100101 Firefox/74.0"
::1 - - [14/Feb/2020:11:35:22 +0100] "GET /dashboard/javascripts/all.js HTTP/1.1" 200 188385 "http://localhost/dashboard/" "Mozilla/5.0 (Windows NT 10.0; Win64; x64; rv:74.0) Gecko/20100101 Firefox/74.0"
::1 - - [14/Feb/2020:11:35:27 +0100] "GET /dashboard/phpinfo.php HTTP/1.1" 200 96024 "http://localhost/dashboard/" "Mozilla/5.0 (Windows NT 10.0; Win64; x64; rv:74.0) Gecko/20100101 Firefox/74.0"
::1 - - [14/Feb/2020:11:40:57 +0100] "GET /dashboard/phpinfo.php HTTP/1.1" 200 96444 "http://localhost/dashboard/" "Mozilla/5.0 (Windows NT 10.0; Win64; x64; rv:74.0) Gecko/20100101 Firefox/74.0"
::1 - - [14/Feb/2020:11:40:57 +0100] "GET /favicon.ico HTTP/1.1" 200 30894 "-" "Mozilla/5.0 (Windows NT 10.0; Win64; x64; rv:74.0) Gecko/20100101 Firefox/74.0"
::1 - - [14/Feb/2020:11:41:59 +0100] "GET / HTTP/1.1" 302 - "-" "Mozilla/5.0 (Windows NT 10.0; Win64; x64; rv:74.0) Gecko/20100101 Firefox/74.0"
::1 - - [14/Feb/2020:11:41:59 +0100] "GET /dashboard/stylesheets/normalize.css HTTP/1.1" 200 6876 "http://localhost/dashboard/" "Mozilla/5.0 (Windows NT 10.0; Win64; x64; rv:74.0) Gecko/20100101 Firefox/74.0"
::1 - - [14/Feb/2020:11:41:59 +0100] "GET /dashboard/images/fastly-logo.png HTTP/1.1" 200 1770 "http://localhost/dashboard/" "Mozilla/5.0 (Windows NT 10.0; Win64; x64; rv:74.0) Gecko/20100101 Firefox/74.0"
::1 - - [14/Feb/2020:11:41:59 +0100] "GET /dashboard/javascripts/all.js HTTP/1.1" 200 188385 "http://localhost/dashboard/" "Mozilla/5.0 (Windows NT 10.0; Win64; x64; rv:74.0) Gecko/20100101 Firefox/74.0"
::1 - - [14/Feb/2020:11:41:59 +0100] "GET /dashboard/images/social-icons.png HTTP/1.1" 200 3361 "http://localhost/dashboard/stylesheets/all.css" "Mozilla/5.0 (Windows NT 10.0; Win64; x64; rv:74.0) Gecko/20100101 Firefox/74.0"
::1 - - [14/Feb/2020:11:41:59 +0100] "GET /dashboard/images/favicon.png HTTP/1.1" 200 2508 "-" "Mozilla/5.0 (Windows NT 10.0; Win64; x64; rv:74.0) Gecko/20100101 Firefox/74.0"
::1 - - [14/Feb/2020:11:42:35 +0100] "GET /dashboard/phpinfo.php HTTP/1.1" 200 96653 "http://localhost/dashboard/" "Mozilla/5.0 (Windows NT 10.0; Win64; x64; rv:74.0) Gecko/20100101 Firefox/74.0"
::1 - - [14/Feb/2020:11:42:35 +0100] "GET /favicon.ico HTTP/1.1" 200 30894 "-" "Mozilla/5.0 (Windows NT 10.0; Win64; x64; rv:74.0) Gecko/20100101 Firefox/74.0"
::1 - - [14/Feb/2020:11:43:32 +0100] "GET / HTTP/1.1" 302 - "-" "Mozilla/5.0 (Windows NT 10.0; Win64; x64; rv:74.0) Gecko/20100101 Firefox/74.0"
::1 - - [14/Feb/2020:11:44:26 +0100] "GET /dashboard/phpinfo.php HTTP/1.1" 200 96444 "http://localhost/dashboard/" "Mozilla/5.0 (Windows NT 10.0; Win64; x64; rv:74.0) Gecko/20100101 Firefox/74.0"
::1 - - [14/Feb/2020:11:44:29 +0100] "GET /dashboard/phpinfo.php HTTP/1.1" 200 96653 "http://localhost/dashboard/" "Mozilla/5.0 (Windows NT 10.0; Win64; x64; rv:74.0) Gecko/20100101 Firefox/74.0"
::1 - - [14/Feb/2020:11:44:29 +0100] "GET /favicon.ico HTTP/1.1" 200 30894 "-" "Mozilla/5.0 (Windows NT 10.0; Win64; x64; rv:74.0) Gecko/20100101 Firefox/74.0"
::1 - - [14/Feb/2020:15:03:49 +0100] "GET / HTTP/1.1" 302 - "-" "Mozilla/5.0 (Windows NT 10.0; Win64; x64; rv:74.0) Gecko/20100101 Firefox/74.0"
::1 - - [14/Feb/2020:15:03:52 +0100] "GET /dashboard/phpinfo.php HTTP/1.1" 200 96024 "http://localhost/dashboard/" "Mozilla/5.0 (Windows NT 10.0; Win64; x64; rv:74.0) Gecko/20100101 Firefox/74.0"
::1 - - [14/Feb/2020:15:06:05 +0100] "GET / HTTP/1.1" 302 - "-" "Mozilla/5.0 (Windows NT 10.0; Win64; x64; rv:74.0) Gecko/20100101 Firefox/74.0"
::1 - - [14/Feb/2020:15:06:07 +0100] "GET /dashboard/phpinfo.php HTTP/1.1" 200 103472 "http://localhost/dashboard/" "Mozilla/5.0 (Windows NT 10.0; Win64; x64; rv:74.0) Gecko/20100101 Firefox/74.0"
::1 - - [14/Feb/2020:15:07:22 +0100] "GET /dashboard/phpinfo.php HTTP/1.1" 200 96445 "http://localhost/dashboard/" "Mozilla/5.0 (Windows NT 10.0; Win64; x64; rv:74.0) Gecko/20100101 Firefox/74.0"
::1 - - [14/Feb/2020:15:08:37 +0100] "GET /dashboard/phpinfo.php HTTP/1.1" 200 96444 "http://localhost/dashboard/" "Mozilla/5.0 (Windows NT 10.0; Win64; x64; rv:74.0) Gecko/20100101 Firefox/74.0"
::1 - - [14/Feb/2020:15:08:43 +0100] "GET /dashboard/phpinfo.php HTTP/1.1" 200 96653 "http://localhost/dashboard/" "Mozilla/5.0 (Windows NT 10.0; Win64; x64; rv:74.0) Gecko/20100101 Firefox/74.0"
::1 - - [14/Feb/2020:15:08:43 +0100] "GET /favicon.ico HTTP/1.1" 200 30894 "-" "Mozilla/5.0 (Windows NT 10.0; Win64; x64; rv:74.0) Gecko/20100101 Firefox/74.0"
::1 - - [14/Feb/2020:15:08:45 +0100] "GET /dashboard/phpinfo.php HTTP/1.1" 200 96653 "http://localhost/dashboard/" "Mozilla/5.0 (Windows NT 10.0; Win64; x64; rv:74.0) Gecko/20100101 Firefox/74.0"
::1 - - [14/Feb/2020:15:08:45 +0100] "GET /favicon.ico HTTP/1.1" 200 30894 "-" "Mozilla/5.0 (Windows NT 10.0; Win64; x64; rv:74.0) Gecko/20100101 Firefox/74.0"
::1 - - [14/Feb/2020:15:09:22 +0100] "GET /dashboard/phpinfo.php HTTP/1.1" 200 103916 "http://localhost/dashboard/" "Mozilla/5.0 (Windows NT 10.0; Win64; x64; rv:74.0) Gecko/20100101 Firefox/74.0"
::1 - - [14/Feb/2020:15:09:22 +0100] "GET /favicon.ico HTTP/1.1" 200 30894 "-" "Mozilla/5.0 (Windows NT 10.0; Win64; x64; rv:74.0) Gecko/20100101 Firefox/74.0"
::1 - - [14/Feb/2020:15:09:58 +0100] "GET / HTTP/1.1" 302 - "-" "Mozilla/5.0 (Windows NT 10.0; Win64; x64; rv:74.0) Gecko/20100101 Firefox/74.0"
::1 - - [14/Feb/2020:15:09:59 +0100] "GET /dashboard/phpinfo.php HTTP/1.1" 200 96209 "http://localhost/dashboard/" "Mozilla/5.0 (Windows NT 10.0; Win64; x64; rv:74.0) Gecko/20100101 Firefox/74.0"
::1 - - [14/Feb/2020:15:10:31 +0100] "GET /dashboard/phpinfo.php HTTP/1.1" 200 103708 "http://localhost/dashboard/" "Mozilla/5.0 (Windows NT 10.0; Win64; x64; rv:74.0) Gecko/20100101 Firefox/74.0"
::1 - - [14/Feb/2020:15:10:52 +0100] "GET /dashboard/phpinfo.php HTTP/1.1" 200 103708 "http://localhost/dashboard/" "Mozilla/5.0 (Windows NT 10.0; Win64; x64; rv:74.0) Gecko/20100101 Firefox/74.0"
::1 - - [14/Feb/2020:15:30:46 +0100] "GET /dashboard/ HTTP/1.1" 304 - "-" "Mozilla/5.0 (Windows NT 10.0; Win64; x64; rv:74.0) Gecko/20100101 Firefox/74.0"
::1 - - [14/Feb/2020:15:30:46 +0100] "GET /dashboard/stylesheets/normalize.css HTTP/1.1" 304 - "http://localhost/dashboard/" "Mozilla/5.0 (Windows NT 10.0; Win64; x64; rv:74.0) Gecko/20100101 Firefox/74.0"
::1 - - [14/Feb/2020:15:30:46 +0100] "GET /dashboard/javascripts/modernizr.js HTTP/1.1" 304 - "http://localhost/dashboard/" "Mozilla/5.0 (Windows NT 10.0; Win64; x64; rv:74.0) Gecko/20100101 Firefox/74.0"
::1 - - [14/Feb/2020:15:30:46 +0100] "GET /dashboard/stylesheets/all.css HTTP/1.1" 304 - "http://localhost/dashboard/" "Mozilla/5.0 (Windows NT 10.0; Win64; x64; rv:74.0) Gecko/20100101 Firefox/74.0"
::1 - - [14/Feb/2020:15:30:46 +0100] "GET /dashboard/javascripts/all.js HTTP/1.1" 304 - "http://localhost/dashboard/" "Mozilla/5.0 (Windows NT 10.0; Win64; x64; rv:74.0) Gecko/20100101 Firefox/74.0"
::1 - - [14/Feb/2020:15:30:46 +0100] "GET /dashboard/images/xampp-logo.svg HTTP/1.1" 304 - "http://localhost/dashboard/" "Mozilla/5.0 (Windows NT 10.0; Win64; x64; rv:74.0) Gecko/20100101 Firefox/74.0"
::1 - - [14/Feb/2020:15:30:46 +0100] "GET /dashboard/images/bitnami-xampp.png HTTP/1.1" 304 - "http://localhost/dashboard/" "Mozilla/5.0 (Windows NT 10.0; Win64; x64; rv:74.0) Gecko/20100101 Firefox/74.0"
::1 - - [14/Feb/2020:15:30:46 +0100] "GET /dashboard/images/fastly-logo.png HTTP/1.1" 304 - "http://localhost/dashboard/" "Mozilla/5.0 (Windows NT 10.0; Win64; x64; rv:74.0) Gecko/20100101 Firefox/74.0"
::1 - - [14/Feb/2020:15:30:46 +0100] "GET /dashboard/images/social-icons.png HTTP/1.1" 304 - "http://localhost/dashboard/stylesheets/all.css" "Mozilla/5.0 (Windows NT 10.0; Win64; x64; rv:74.0) Gecko/20100101 Firefox/74.0"
::1 - - [14/Feb/2020:15:30:47 +0100] "GET /dashboard/ HTTP/1.1" 304 - "-" "Mozilla/5.0 (Windows NT 10.0; Win64; x64; rv:74.0) Gecko/20100101 Firefox/74.0"
::1 - - [14/Feb/2020:15:30:47 +0100] "GET /dashboard/stylesheets/normalize.css HTTP/1.1" 304 - "http://localhost/dashboard/" "Mozilla/5.0 (Windows NT 10.0; Win64; x64; rv:74.0) Gecko/20100101 Firefox/74.0"
::1 - - [14/Feb/2020:15:30:47 +0100] "GET /dashboard/stylesheets/all.css HTTP/1.1" 304 - "http://localhost/dashboard/" "Mozilla/5.0 (Windows NT 10.0; Win64; x64; rv:74.0) Gecko/20100101 Firefox/74.0"
::1 - - [14/Feb/2020:15:30:47 +0100] "GET /dashboard/javascripts/modernizr.js HTTP/1.1" 304 - "http://localhost/dashboard/" "Mozilla/5.0 (Windows NT 10.0; Win64; x64; rv:74.0) Gecko/20100101 Firefox/74.0"
::1 - - [14/Feb/2020:15:30:47 +0100] "GET /dashboard/javascripts/all.js HTTP/1.1" 304 - "http://localhost/dashboard/" "Mozilla/5.0 (Windows NT 10.0; Win64; x64; rv:74.0) Gecko/20100101 Firefox/74.0"
::1 - - [14/Feb/2020:15:30:47 +0100] "GET /dashboard/images/xampp-logo.svg HTTP/1.1" 304 - "http://localhost/dashboard/" "Mozilla/5.0 (Windows NT 10.0; Win64; x64; rv:74.0) Gecko/20100101 Firefox/74.0"
::1 - - [14/Feb/2020:15:30:47 +0100] "GET /dashboard/images/bitnami-xampp.png HTTP/1.1" 304 - "http://localhost/dashboard/" "Mozilla/5.0 (Windows NT 10.0; Win64; x64; rv:74.0) Gecko/20100101 Firefox/74.0"
::1 - - [14/Feb/2020:15:30:47 +0100] "GET /dashboard/images/fastly-logo.png HTTP/1.1" 304 - "http://localhost/dashboard/" "Mozilla/5.0 (Windows NT 10.0; Win64; x64; rv:74.0) Gecko/20100101 Firefox/74.0"
::1 - - [14/Feb/2020:15:30:47 +0100] "GET /dashboard/images/social-icons.png HTTP/1.1" 304 - "http://localhost/dashboard/stylesheets/all.css" "Mozilla/5.0 (Windows NT 10.0; Win64; x64; rv:74.0) Gecko/20100101 Firefox/74.0"
::1 - - [14/Feb/2020:15:30:48 +0100] "GET /dashboard/ HTTP/1.1" 304 - "-" "Mozilla/5.0 (Windows NT 10.0; Win64; x64; rv:74.0) Gecko/20100101 Firefox/74.0"
::1 - - [14/Feb/2020:15:30:48 +0100] "GET /dashboard/stylesheets/normalize.css HTTP/1.1" 304 - "http://localhost/dashboard/" "Mozilla/5.0 (Windows NT 10.0; Win64; x64; rv:74.0) Gecko/20100101 Firefox/74.0"
::1 - - [14/Feb/2020:15:30:48 +0100] "GET /dashboard/stylesheets/all.css HTTP/1.1" 304 - "http://localhost/dashboard/" "Mozilla/5.0 (Windows NT 10.0; Win64; x64; rv:74.0) Gecko/20100101 Firefox/74.0"
::1 - - [14/Feb/2020:15:30:48 +0100] "GET /dashboard/javascripts/modernizr.js HTTP/1.1" 304 - "http://localhost/dashboard/" "Mozilla/5.0 (Windows NT 10.0; Win64; x64; rv:74.0) Gecko/20100101 Firefox/74.0"
::1 - - [14/Feb/2020:15:30:48 +0100] "GET /dashboard/javascripts/all.js HTTP/1.1" 304 - "http://localhost/dashboard/" "Mozilla/5.0 (Windows NT 10.0; Win64; x64; rv:74.0) Gecko/20100101 Firefox/74.0"
::1 - - [14/Feb/2020:15:30:48 +0100] "GET /dashboard/images/xampp-logo.svg HTTP/1.1" 304 - "http://localhost/dashboard/" "Mozilla/5.0 (Windows NT 10.0; Win64; x64; rv:74.0) Gecko/20100101 Firefox/74.0"
::1 - - [14/Feb/2020:15:30:48 +0100] "GET /dashboard/images/bitnami-xampp.png HTTP/1.1" 304 - "http://localhost/dashboard/" "Mozilla/5.0 (Windows NT 10.0; Win64; x64; rv:74.0) Gecko/20100101 Firefox/74.0"
::1 - - [14/Feb/2020:15:30:48 +0100] "GET /dashboard/images/fastly-logo.png HTTP/1.1" 304 - "http://localhost/dashboard/" "Mozilla/5.0 (Windows NT 10.0; Win64; x64; rv:74.0) Gecko/20100101 Firefox/74.0"
::1 - - [14/Feb/2020:15:30:48 +0100] "GET /dashboard/images/social-icons.png HTTP/1.1" 304 - "http://localhost/dashboard/stylesheets/all.css" "Mozilla/5.0 (Windows NT 10.0; Win64; x64; rv:74.0) Gecko/20100101 Firefox/74.0"
::1 - - [14/Feb/2020:15:30:48 +0100] "GET /dashboard/ HTTP/1.1" 304 - "-" "Mozilla/5.0 (Windows NT 10.0; Win64; x64; rv:74.0) Gecko/20100101 Firefox/74.0"
::1 - - [14/Feb/2020:15:30:48 +0100] "GET /dashboard/stylesheets/normalize.css HTTP/1.1" 304 - "http://localhost/dashboard/" "Mozilla/5.0 (Windows NT 10.0; Win64; x64; rv:74.0) Gecko/20100101 Firefox/74.0"
::1 - - [14/Feb/2020:15:30:48 +0100] "GET /dashboard/stylesheets/all.css HTTP/1.1" 304 - "http://localhost/dashboard/" "Mozilla/5.0 (Windows NT 10.0; Win64; x64; rv:74.0) Gecko/20100101 Firefox/74.0"
::1 - - [14/Feb/2020:15:30:48 +0100] "GET /dashboard/javascripts/modernizr.js HTTP/1.1" 304 - "http://localhost/dashboard/" "Mozilla/5.0 (Windows NT 10.0; Win64; x64; rv:74.0) Gecko/20100101 Firefox/74.0"
::1 - - [14/Feb/2020:15:30:48 +0100] "GET /dashboard/javascripts/all.js HTTP/1.1" 304 - "http://localhost/dashboard/" "Mozilla/5.0 (Windows NT 10.0; Win64; x64; rv:74.0) Gecko/20100101 Firefox/74.0"
::1 - - [14/Feb/2020:15:30:48 +0100] "GET /dashboard/images/xampp-logo.svg HTTP/1.1" 304 - "http://localhost/dashboard/" "Mozilla/5.0 (Windows NT 10.0; Win64; x64; rv:74.0) Gecko/20100101 Firefox/74.0"
::1 - - [14/Feb/2020:15:30:48 +0100] "GET /dashboard/images/bitnami-xampp.png HTTP/1.1" 304 - "http://localhost/dashboard/" "Mozilla/5.0 (Windows NT 10.0; Win64; x64; rv:74.0) Gecko/20100101 Firefox/74.0"
::1 - - [14/Feb/2020:15:30:48 +0100] "GET /dashboard/images/fastly-logo.png HTTP/1.1" 304 - "http://localhost/dashboard/" "Mozilla/5.0 (Windows NT 10.0; Win64; x64; rv:74.0) Gecko/20100101 Firefox/74.0"
::1 - - [14/Feb/2020:15:30:48 +0100] "GET /dashboard/images/social-icons.png HTTP/1.1" 304 - "http://localhost/dashboard/stylesheets/all.css" "Mozilla/5.0 (Windows NT 10.0; Win64; x64; rv:74.0) Gecko/20100101 Firefox/74.0"
::1 - - [14/Feb/2020:15:30:48 +0100] "GET /dashboard/ HTTP/1.1" 304 - "-" "Mozilla/5.0 (Windows NT 10.0; Win64; x64; rv:74.0) Gecko/20100101 Firefox/74.0"
::1 - - [14/Feb/2020:15:30:48 +0100] "GET /dashboard/stylesheets/normalize.css HTTP/1.1" 304 - "http://localhost/dashboard/" "Mozilla/5.0 (Windows NT 10.0; Win64; x64; rv:74.0) Gecko/20100101 Firefox/74.0"
::1 - - [14/Feb/2020:15:30:48 +0100] "GET /dashboard/stylesheets/all.css HTTP/1.1" 304 - "http://localhost/dashboard/" "Mozilla/5.0 (Windows NT 10.0; Win64; x64; rv:74.0) Gecko/20100101 Firefox/74.0"
::1 - - [14/Feb/2020:15:30:48 +0100] "GET /dashboard/javascripts/modernizr.js HTTP/1.1" 304 - "http://localhost/dashboard/" "Mozilla/5.0 (Windows NT 10.0; Win64; x64; rv:74.0) Gecko/20100101 Firefox/74.0"
::1 - - [14/Feb/2020:15:30:48 +0100] "GET /dashboard/javascripts/all.js HTTP/1.1" 304 - "http://localhost/dashboard/" "Mozilla/5.0 (Windows NT 10.0; Win64; x64; rv:74.0) Gecko/20100101 Firefox/74.0"
::1 - - [14/Feb/2020:15:30:48 +0100] "GET /dashboard/images/xampp-logo.svg HTTP/1.1" 304 - "http://localhost/dashboard/" "Mozilla/5.0 (Windows NT 10.0; Win64; x64; rv:74.0) Gecko/20100101 Firefox/74.0"
::1 - - [14/Feb/2020:15:30:48 +0100] "GET /dashboard/images/bitnami-xampp.png HTTP/1.1" 304 - "http://localhost/dashboard/" "Mozilla/5.0 (Windows NT 10.0; Win64; x64; rv:74.0) Gecko/20100101 Firefox/74.0"
::1 - - [14/Feb/2020:15:30:48 +0100] "GET /dashboard/images/fastly-logo.png HTTP/1.1" 304 - "http://localhost/dashboard/" "Mozilla/5.0 (Windows NT 10.0; Win64; x64; rv:74.0) Gecko/20100101 Firefox/74.0"
::1 - - [14/Feb/2020:15:30:48 +0100] "GET /dashboard/images/social-icons.png HTTP/1.1" 304 - "http://localhost/dashboard/stylesheets/all.css" "Mozilla/5.0 (Windows NT 10.0; Win64; x64; rv:74.0) Gecko/20100101 Firefox/74.0"
::1 - - [14/Feb/2020:15:30:49 +0100] "GET /dashboard/ HTTP/1.1" 304 - "-" "Mozilla/5.0 (Windows NT 10.0; Win64; x64; rv:74.0) Gecko/20100101 Firefox/74.0"
::1 - - [14/Feb/2020:15:30:49 +0100] "GET /dashboard/stylesheets/normalize.css HTTP/1.1" 304 - "http://localhost/dashboard/" "Mozilla/5.0 (Windows NT 10.0; Win64; x64; rv:74.0) Gecko/20100101 Firefox/74.0"
::1 - - [14/Feb/2020:15:30:49 +0100] "GET /dashboard/stylesheets/all.css HTTP/1.1" 304 - "http://localhost/dashboard/" "Mozilla/5.0 (Windows NT 10.0; Win64; x64; rv:74.0) Gecko/20100101 Firefox/74.0"
::1 - - [14/Feb/2020:15:30:49 +0100] "GET /dashboard/javascripts/modernizr.js HTTP/1.1" 304 - "http://localhost/dashboard/" "Mozilla/5.0 (Windows NT 10.0; Win64; x64; rv:74.0) Gecko/20100101 Firefox/74.0"
::1 - - [14/Feb/2020:15:30:49 +0100] "GET /dashboard/javascripts/all.js HTTP/1.1" 304 - "http://localhost/dashboard/" "Mozilla/5.0 (Windows NT 10.0; Win64; x64; rv:74.0) Gecko/20100101 Firefox/74.0"
::1 - - [14/Feb/2020:15:30:49 +0100] "GET /dashboard/images/xampp-logo.svg HTTP/1.1" 304 - "http://localhost/dashboard/" "Mozilla/5.0 (Windows NT 10.0; Win64; x64; rv:74.0) Gecko/20100101 Firefox/74.0"
::1 - - [14/Feb/2020:15:30:49 +0100] "GET /dashboard/images/bitnami-xampp.png HTTP/1.1" 304 - "http://localhost/dashboard/" "Mozilla/5.0 (Windows NT 10.0; Win64; x64; rv:74.0) Gecko/20100101 Firefox/74.0"
::1 - - [14/Feb/2020:15:30:49 +0100] "GET /dashboard/images/fastly-logo.png HTTP/1.1" 304 - "http://localhost/dashboard/" "Mozilla/5.0 (Windows NT 10.0; Win64; x64; rv:74.0) Gecko/20100101 Firefox/74.0"
::1 - - [14/Feb/2020:15:30:49 +0100] "GET /dashboard/images/social-icons.png HTTP/1.1" 304 - "http://localhost/dashboard/stylesheets/all.css" "Mozilla/5.0 (Windows NT 10.0; Win64; x64; rv:74.0) Gecko/20100101 Firefox/74.0"
::1 - - [14/Feb/2020:15:30:49 +0100] "GET /dashboard/ HTTP/1.1" 304 - "-" "Mozilla/5.0 (Windows NT 10.0; Win64; x64; rv:74.0) Gecko/20100101 Firefox/74.0"
::1 - - [14/Feb/2020:15:30:49 +0100] "GET /dashboard/stylesheets/normalize.css HTTP/1.1" 304 - "http://localhost/dashboard/" "Mozilla/5.0 (Windows NT 10.0; Win64; x64; rv:74.0) Gecko/20100101 Firefox/74.0"
::1 - - [14/Feb/2020:15:30:49 +0100] "GET /dashboard/stylesheets/all.css HTTP/1.1" 304 - "http://localhost/dashboard/" "Mozilla/5.0 (Windows NT 10.0; Win64; x64; rv:74.0) Gecko/20100101 Firefox/74.0"
::1 - - [14/Feb/2020:15:30:49 +0100] "GET /dashboard/javascripts/modernizr.js HTTP/1.1" 304 - "http://localhost/dashboard/" "Mozilla/5.0 (Windows NT 10.0; Win64; x64; rv:74.0) Gecko/20100101 Firefox/74.0"
::1 - - [14/Feb/2020:15:30:49 +0100] "GET /dashboard/javascripts/all.js HTTP/1.1" 304 - "http://localhost/dashboard/" "Mozilla/5.0 (Windows NT 10.0; Win64; x64; rv:74.0) Gecko/20100101 Firefox/74.0"
::1 - - [14/Feb/2020:15:30:49 +0100] "GET /dashboard/images/xampp-logo.svg HTTP/1.1" 304 - "http://localhost/dashboard/" "Mozilla/5.0 (Windows NT 10.0; Win64; x64; rv:74.0) Gecko/20100101 Firefox/74.0"
::1 - - [14/Feb/2020:15:30:49 +0100] "GET /dashboard/images/bitnami-xampp.png HTTP/1.1" 304 - "http://localhost/dashboard/" "Mozilla/5.0 (Windows NT 10.0; Win64; x64; rv:74.0) Gecko/20100101 Firefox/74.0"
::1 - - [14/Feb/2020:15:30:49 +0100] "GET /dashboard/images/fastly-logo.png HTTP/1.1" 304 - "http://localhost/dashboard/" "Mozilla/5.0 (Windows NT 10.0; Win64; x64; rv:74.0) Gecko/20100101 Firefox/74.0"
::1 - - [14/Feb/2020:15:30:49 +0100] "GET /dashboard/images/social-icons.png HTTP/1.1" 304 - "http://localhost/dashboard/stylesheets/all.css" "Mozilla/5.0 (Windows NT 10.0; Win64; x64; rv:74.0) Gecko/20100101 Firefox/74.0"
::1 - - [14/Feb/2020:15:31:06 +0100] "GET /dashboard/ HTTP/1.1" 200 7577 "-" "Mozilla/5.0 (Windows NT 10.0; Win64; x64; rv:74.0) Gecko/20100101 Firefox/74.0"
::1 - - [14/Feb/2020:15:31:06 +0100] "GET /dashboard/stylesheets/normalize.css HTTP/1.1" 200 6876 "http://localhost/dashboard/" "Mozilla/5.0 (Windows NT 10.0; Win64; x64; rv:74.0) Gecko/20100101 Firefox/74.0"
::1 - - [14/Feb/2020:15:31:06 +0100] "GET /dashboard/javascripts/all.js HTTP/1.1" 200 188385 "http://localhost/dashboard/" "Mozilla/5.0 (Windows NT 10.0; Win64; x64; rv:74.0) Gecko/20100101 Firefox/74.0"
::1 - - [14/Feb/2020:15:31:06 +0100] "GET /dashboard/stylesheets/all.css HTTP/1.1" 200 481698 "http://localhost/dashboard/" "Mozilla/5.0 (Windows NT 10.0; Win64; x64; rv:74.0) Gecko/20100101 Firefox/74.0"
::1 - - [14/Feb/2020:15:31:06 +0100] "GET /dashboard/javascripts/modernizr.js HTTP/1.1" 200 51365 "http://localhost/dashboard/" "Mozilla/5.0 (Windows NT 10.0; Win64; x64; rv:74.0) Gecko/20100101 Firefox/74.0"
::1 - - [14/Feb/2020:15:31:07 +0100] "GET /dashboard/images/xampp-logo.svg HTTP/1.1" 200 5427 "http://localhost/dashboard/" "Mozilla/5.0 (Windows NT 10.0; Win64; x64; rv:74.0) Gecko/20100101 Firefox/74.0"
::1 - - [14/Feb/2020:15:31:07 +0100] "GET /dashboard/images/bitnami-xampp.png HTTP/1.1" 200 22133 "http://localhost/dashboard/" "Mozilla/5.0 (Windows NT 10.0; Win64; x64; rv:74.0) Gecko/20100101 Firefox/74.0"
::1 - - [14/Feb/2020:15:31:07 +0100] "GET /dashboard/images/fastly-logo.png HTTP/1.1" 200 1770 "http://localhost/dashboard/" "Mozilla/5.0 (Windows NT 10.0; Win64; x64; rv:74.0) Gecko/20100101 Firefox/74.0"
::1 - - [14/Feb/2020:15:31:07 +0100] "GET /dashboard/images/social-icons.png HTTP/1.1" 200 3361 "http://localhost/dashboard/stylesheets/all.css" "Mozilla/5.0 (Windows NT 10.0; Win64; x64; rv:74.0) Gecko/20100101 Firefox/74.0"
::1 - - [14/Feb/2020:15:31:07 +0100] "GET /dashboard/images/favicon.png HTTP/1.1" 200 2508 "-" "Mozilla/5.0 (Windows NT 10.0; Win64; x64; rv:74.0) Gecko/20100101 Firefox/74.0"
::1 - - [14/Feb/2020:15:31:07 +0100] "GET /dashboard/ HTTP/1.1" 200 7577 "-" "Mozilla/5.0 (Windows NT 10.0; Win64; x64; rv:74.0) Gecko/20100101 Firefox/74.0"
::1 - - [14/Feb/2020:15:31:07 +0100] "GET /dashboard/stylesheets/normalize.css HTTP/1.1" 200 6876 "http://localhost/dashboard/" "Mozilla/5.0 (Windows NT 10.0; Win64; x64; rv:74.0) Gecko/20100101 Firefox/74.0"
::1 - - [14/Feb/2020:15:31:07 +0100] "GET /dashboard/stylesheets/all.css HTTP/1.1" 200 481698 "http://localhost/dashboard/" "Mozilla/5.0 (Windows NT 10.0; Win64; x64; rv:74.0) Gecko/20100101 Firefox/74.0"
::1 - - [14/Feb/2020:15:31:07 +0100] "GET /dashboard/javascripts/all.js HTTP/1.1" 200 188385 "http://localhost/dashboard/" "Mozilla/5.0 (Windows NT 10.0; Win64; x64; rv:74.0) Gecko/20100101 Firefox/74.0"
::1 - - [14/Feb/2020:15:31:07 +0100] "GET /dashboard/javascripts/modernizr.js HTTP/1.1" 200 51365 "http://localhost/dashboard/" "Mozilla/5.0 (Windows NT 10.0; Win64; x64; rv:74.0) Gecko/20100101 Firefox/74.0"
::1 - - [14/Feb/2020:15:31:07 +0100] "GET /dashboard/images/xampp-logo.svg HTTP/1.1" 200 5427 "http://localhost/dashboard/" "Mozilla/5.0 (Windows NT 10.0; Win64; x64; rv:74.0) Gecko/20100101 Firefox/74.0"
::1 - - [14/Feb/2020:15:31:07 +0100] "GET /dashboard/images/bitnami-xampp.png HTTP/1.1" 200 22133 "http://localhost/dashboard/" "Mozilla/5.0 (Windows NT 10.0; Win64; x64; rv:74.0) Gecko/20100101 Firefox/74.0"
::1 - - [14/Feb/2020:15:31:07 +0100] "GET /dashboard/images/fastly-logo.png HTTP/1.1" 200 1770 "http://localhost/dashboard/" "Mozilla/5.0 (Windows NT 10.0; Win64; x64; rv:74.0) Gecko/20100101 Firefox/74.0"
::1 - - [14/Feb/2020:15:31:07 +0100] "GET /dashboard/images/social-icons.png HTTP/1.1" 200 3361 "http://localhost/dashboard/stylesheets/all.css" "Mozilla/5.0 (Windows NT 10.0; Win64; x64; rv:74.0) Gecko/20100101 Firefox/74.0"
::1 - - [14/Feb/2020:15:31:07 +0100] "GET /dashboard/images/favicon.png HTTP/1.1" 200 2508 "-" "Mozilla/5.0 (Windows NT 10.0; Win64; x64; rv:74.0) Gecko/20100101 Firefox/74.0"
::1 - - [14/Feb/2020:15:31:07 +0100] "GET /dashboard/ HTTP/1.1" 200 7577 "-" "Mozilla/5.0 (Windows NT 10.0; Win64; x64; rv:74.0) Gecko/20100101 Firefox/74.0"
::1 - - [14/Feb/2020:15:31:07 +0100] "GET /dashboard/stylesheets/normalize.css HTTP/1.1" 200 6876 "http://localhost/dashboard/" "Mozilla/5.0 (Windows NT 10.0; Win64; x64; rv:74.0) Gecko/20100101 Firefox/74.0"
::1 - - [14/Feb/2020:15:31:07 +0100] "GET /dashboard/javascripts/modernizr.js HTTP/1.1" 200 51365 "http://localhost/dashboard/" "Mozilla/5.0 (Windows NT 10.0; Win64; x64; rv:74.0) Gecko/20100101 Firefox/74.0"
::1 - - [14/Feb/2020:15:31:07 +0100] "GET /dashboard/stylesheets/all.css HTTP/1.1" 200 481698 "http://localhost/dashboard/" "Mozilla/5.0 (Windows NT 10.0; Win64; x64; rv:74.0) Gecko/20100101 Firefox/74.0"
::1 - - [14/Feb/2020:15:31:07 +0100] "GET /dashboard/images/fastly-logo.png HTTP/1.1" 200 1770 "http://localhost/dashboard/" "Mozilla/5.0 (Windows NT 10.0; Win64; x64; rv:74.0) Gecko/20100101 Firefox/74.0"
::1 - - [14/Feb/2020:15:31:07 +0100] "GET /dashboard/images/xampp-logo.svg HTTP/1.1" 200 5427 "http://localhost/dashboard/" "Mozilla/5.0 (Windows NT 10.0; Win64; x64; rv:74.0) Gecko/20100101 Firefox/74.0"
::1 - - [14/Feb/2020:15:31:07 +0100] "GET /dashboard/images/bitnami-xampp.png HTTP/1.1" 200 22133 "http://localhost/dashboard/" "Mozilla/5.0 (Windows NT 10.0; Win64; x64; rv:74.0) Gecko/20100101 Firefox/74.0"
::1 - - [14/Feb/2020:15:31:07 +0100] "GET /dashboard/javascripts/all.js HTTP/1.1" 200 188385 "http://localhost/dashboard/" "Mozilla/5.0 (Windows NT 10.0; Win64; x64; rv:74.0) Gecko/20100101 Firefox/74.0"
::1 - - [14/Feb/2020:15:31:07 +0100] "GET /dashboard/images/social-icons.png HTTP/1.1" 200 3361 "http://localhost/dashboard/stylesheets/all.css" "Mozilla/5.0 (Windows NT 10.0; Win64; x64; rv:74.0) Gecko/20100101 Firefox/74.0"
::1 - - [14/Feb/2020:15:31:07 +0100] "GET /dashboard/images/favicon.png HTTP/1.1" 200 2508 "-" "Mozilla/5.0 (Windows NT 10.0; Win64; x64; rv:74.0) Gecko/20100101 Firefox/74.0"
::1 - - [14/Feb/2020:15:31:07 +0100] "GET /dashboard/ HTTP/1.1" 200 7577 "-" "Mozilla/5.0 (Windows NT 10.0; Win64; x64; rv:74.0) Gecko/20100101 Firefox/74.0"
::1 - - [14/Feb/2020:15:31:07 +0100] "GET /dashboard/stylesheets/normalize.css HTTP/1.1" 200 6876 "http://localhost/dashboard/" "Mozilla/5.0 (Windows NT 10.0; Win64; x64; rv:74.0) Gecko/20100101 Firefox/74.0"
::1 - - [14/Feb/2020:15:31:07 +0100] "GET /dashboard/javascripts/all.js HTTP/1.1" 200 188385 "http://localhost/dashboard/" "Mozilla/5.0 (Windows NT 10.0; Win64; x64; rv:74.0) Gecko/20100101 Firefox/74.0"
::1 - - [14/Feb/2020:15:31:07 +0100] "GET /dashboard/stylesheets/all.css HTTP/1.1" 200 481698 "http://localhost/dashboard/" "Mozilla/5.0 (Windows NT 10.0; Win64; x64; rv:74.0) Gecko/20100101 Firefox/74.0"
::1 - - [14/Feb/2020:15:31:07 +0100] "GET /dashboard/javascripts/modernizr.js HTTP/1.1" 200 51365 "http://localhost/dashboard/" "Mozilla/5.0 (Windows NT 10.0; Win64; x64; rv:74.0) Gecko/20100101 Firefox/74.0"
::1 - - [14/Feb/2020:15:31:08 +0100] "GET /dashboard/ HTTP/1.1" 200 7577 "-" "Mozilla/5.0 (Windows NT 10.0; Win64; x64; rv:74.0) Gecko/20100101 Firefox/74.0"
::1 - - [14/Feb/2020:15:31:08 +0100] "GET /favicon.ico HTTP/1.1" 200 30894 "-" "Mozilla/5.0 (Windows NT 10.0; Win64; x64; rv:74.0) Gecko/20100101 Firefox/74.0"
::1 - - [14/Feb/2020:15:31:08 +0100] "GET /dashboard/stylesheets/normalize.css HTTP/1.1" 200 6876 "http://localhost/dashboard/" "Mozilla/5.0 (Windows NT 10.0; Win64; x64; rv:74.0) Gecko/20100101 Firefox/74.0"
::1 - - [14/Feb/2020:15:31:08 +0100] "GET /dashboard/javascripts/all.js HTTP/1.1" 200 188385 "http://localhost/dashboard/" "Mozilla/5.0 (Windows NT 10.0; Win64; x64; rv:74.0) Gecko/20100101 Firefox/74.0"
::1 - - [14/Feb/2020:15:31:08 +0100] "GET /dashboard/javascripts/modernizr.js HTTP/1.1" 200 51365 "http://localhost/dashboard/" "Mozilla/5.0 (Windows NT 10.0; Win64; x64; rv:74.0) Gecko/20100101 Firefox/74.0"
::1 - - [14/Feb/2020:15:31:08 +0100] "GET /dashboard/stylesheets/all.css HTTP/1.1" 200 481698 "http://localhost/dashboard/" "Mozilla/5.0 (Windows NT 10.0; Win64; x64; rv:74.0) Gecko/20100101 Firefox/74.0"
::1 - - [14/Feb/2020:15:31:08 +0100] "GET /dashboard/images/xampp-logo.svg HTTP/1.1" 200 5427 "http://localhost/dashboard/" "Mozilla/5.0 (Windows NT 10.0; Win64; x64; rv:74.0) Gecko/20100101 Firefox/74.0"
::1 - - [14/Feb/2020:15:31:08 +0100] "GET /dashboard/images/bitnami-xampp.png HTTP/1.1" 200 22133 "http://localhost/dashboard/" "Mozilla/5.0 (Windows NT 10.0; Win64; x64; rv:74.0) Gecko/20100101 Firefox/74.0"
::1 - - [14/Feb/2020:15:31:08 +0100] "GET /dashboard/images/fastly-logo.png HTTP/1.1" 200 1770 "http://localhost/dashboard/" "Mozilla/5.0 (Windows NT 10.0; Win64; x64; rv:74.0) Gecko/20100101 Firefox/74.0"
::1 - - [14/Feb/2020:15:31:08 +0100] "GET /dashboard/images/social-icons.png HTTP/1.1" 200 3361 "http://localhost/dashboard/stylesheets/all.css" "Mozilla/5.0 (Windows NT 10.0; Win64; x64; rv:74.0) Gecko/20100101 Firefox/74.0"
::1 - - [14/Feb/2020:15:31:08 +0100] "GET /dashboard/ HTTP/1.1" 200 7577 "-" "Mozilla/5.0 (Windows NT 10.0; Win64; x64; rv:74.0) Gecko/20100101 Firefox/74.0"
::1 - - [14/Feb/2020:15:31:08 +0100] "GET /dashboard/stylesheets/normalize.css HTTP/1.1" 200 6876 "http://localhost/dashboard/" "Mozilla/5.0 (Windows NT 10.0; Win64; x64; rv:74.0) Gecko/20100101 Firefox/74.0"
::1 - - [14/Feb/2020:15:31:08 +0100] "GET /dashboard/stylesheets/all.css HTTP/1.1" 200 481698 "http://localhost/dashboard/" "Mozilla/5.0 (Windows NT 10.0; Win64; x64; rv:74.0) Gecko/20100101 Firefox/74.0"
::1 - - [14/Feb/2020:15:31:08 +0100] "GET /dashboard/javascripts/modernizr.js HTTP/1.1" 200 51365 "http://localhost/dashboard/" "Mozilla/5.0 (Windows NT 10.0; Win64; x64; rv:74.0) Gecko/20100101 Firefox/74.0"
::1 - - [14/Feb/2020:15:31:08 +0100] "GET /dashboard/images/xampp-logo.svg HTTP/1.1" 200 5427 "http://localhost/dashboard/" "Mozilla/5.0 (Windows NT 10.0; Win64; x64; rv:74.0) Gecko/20100101 Firefox/74.0"
::1 - - [14/Feb/2020:15:31:08 +0100] "GET /dashboard/images/bitnami-xampp.png HTTP/1.1" 200 22133 "http://localhost/dashboard/" "Mozilla/5.0 (Windows NT 10.0; Win64; x64; rv:74.0) Gecko/20100101 Firefox/74.0"
::1 - - [14/Feb/2020:15:31:08 +0100] "GET /dashboard/images/fastly-logo.png HTTP/1.1" 200 1770 "http://localhost/dashboard/" "Mozilla/5.0 (Windows NT 10.0; Win64; x64; rv:74.0) Gecko/20100101 Firefox/74.0"
::1 - - [14/Feb/2020:15:31:08 +0100] "GET /dashboard/javascripts/all.js HTTP/1.1" 200 188385 "http://localhost/dashboard/" "Mozilla/5.0 (Windows NT 10.0; Win64; x64; rv:74.0) Gecko/20100101 Firefox/74.0"
::1 - - [14/Feb/2020:15:31:08 +0100] "GET /favicon.ico HTTP/1.1" 200 30894 "-" "Mozilla/5.0 (Windows NT 10.0; Win64; x64; rv:74.0) Gecko/20100101 Firefox/74.0"
::1 - - [14/Feb/2020:15:31:08 +0100] "GET /dashboard/ HTTP/1.1" 200 7577 "-" "Mozilla/5.0 (Windows NT 10.0; Win64; x64; rv:74.0) Gecko/20100101 Firefox/74.0"
::1 - - [14/Feb/2020:15:31:08 +0100] "GET /dashboard/stylesheets/normalize.css HTTP/1.1" 200 6876 "http://localhost/dashboard/" "Mozilla/5.0 (Windows NT 10.0; Win64; x64; rv:74.0) Gecko/20100101 Firefox/74.0"
::1 - - [14/Feb/2020:15:31:08 +0100] "GET /dashboard/javascripts/modernizr.js HTTP/1.1" 200 51365 "http://localhost/dashboard/" "Mozilla/5.0 (Windows NT 10.0; Win64; x64; rv:74.0) Gecko/20100101 Firefox/74.0"
::1 - - [14/Feb/2020:15:31:08 +0100] "GET /dashboard/stylesheets/all.css HTTP/1.1" 200 481698 "http://localhost/dashboard/" "Mozilla/5.0 (Windows NT 10.0; Win64; x64; rv:74.0) Gecko/20100101 Firefox/74.0"
::1 - - [14/Feb/2020:15:31:08 +0100] "GET /dashboard/javascripts/all.js HTTP/1.1" 200 188385 "http://localhost/dashboard/" "Mozilla/5.0 (Windows NT 10.0; Win64; x64; rv:74.0) Gecko/20100101 Firefox/74.0"
::1 - - [14/Feb/2020:15:31:08 +0100] "GET /dashboard/images/xampp-logo.svg HTTP/1.1" 200 5427 "http://localhost/dashboard/" "Mozilla/5.0 (Windows NT 10.0; Win64; x64; rv:74.0) Gecko/20100101 Firefox/74.0"
::1 - - [14/Feb/2020:15:31:08 +0100] "GET /dashboard/images/bitnami-xampp.png HTTP/1.1" 200 22133 "http://localhost/dashboard/" "Mozilla/5.0 (Windows NT 10.0; Win64; x64; rv:74.0) Gecko/20100101 Firefox/74.0"
::1 - - [14/Feb/2020:15:31:08 +0100] "GET /dashboard/images/fastly-logo.png HTTP/1.1" 200 1770 "http://localhost/dashboard/" "Mozilla/5.0 (Windows NT 10.0; Win64; x64; rv:74.0) Gecko/20100101 Firefox/74.0"
::1 - - [14/Feb/2020:15:31:08 +0100] "GET /dashboard/images/social-icons.png HTTP/1.1" 200 3361 "http://localhost/dashboard/stylesheets/all.css" "Mozilla/5.0 (Windows NT 10.0; Win64; x64; rv:74.0) Gecko/20100101 Firefox/74.0"
::1 - - [14/Feb/2020:15:31:08 +0100] "GET /dashboard/images/favicon.png HTTP/1.1" 200 2508 "-" "Mozilla/5.0 (Windows NT 10.0; Win64; x64; rv:74.0) Gecko/20100101 Firefox/74.0"
::1 - - [14/Feb/2020:15:31:08 +0100] "GET /dashboard/ HTTP/1.1" 200 7577 "-" "Mozilla/5.0 (Windows NT 10.0; Win64; x64; rv:74.0) Gecko/20100101 Firefox/74.0"
::1 - - [14/Feb/2020:15:31:08 +0100] "GET /dashboard/stylesheets/normalize.css HTTP/1.1" 200 6876 "http://localhost/dashboard/" "Mozilla/5.0 (Windows NT 10.0; Win64; x64; rv:74.0) Gecko/20100101 Firefox/74.0"
::1 - - [14/Feb/2020:15:31:08 +0100] "GET /dashboard/javascripts/all.js HTTP/1.1" 200 188385 "http://localhost/dashboard/" "Mozilla/5.0 (Windows NT 10.0; Win64; x64; rv:74.0) Gecko/20100101 Firefox/74.0"
::1 - - [14/Feb/2020:15:31:08 +0100] "GET /dashboard/javascripts/modernizr.js HTTP/1.1" 200 51365 "http://localhost/dashboard/" "Mozilla/5.0 (Windows NT 10.0; Win64; x64; rv:74.0) Gecko/20100101 Firefox/74.0"
::1 - - [14/Feb/2020:15:31:08 +0100] "GET /dashboard/stylesheets/all.css HTTP/1.1" 200 481698 "http://localhost/dashboard/" "Mozilla/5.0 (Windows NT 10.0; Win64; x64; rv:74.0) Gecko/20100101 Firefox/74.0"
::1 - - [14/Feb/2020:15:31:08 +0100] "GET /dashboard/images/xampp-logo.svg HTTP/1.1" 200 5427 "http://localhost/dashboard/" "Mozilla/5.0 (Windows NT 10.0; Win64; x64; rv:74.0) Gecko/20100101 Firefox/74.0"
::1 - - [14/Feb/2020:15:31:08 +0100] "GET /dashboard/images/bitnami-xampp.png HTTP/1.1" 200 22133 "http://localhost/dashboard/" "Mozilla/5.0 (Windows NT 10.0; Win64; x64; rv:74.0) Gecko/20100101 Firefox/74.0"
::1 - - [14/Feb/2020:15:31:08 +0100] "GET /dashboard/images/fastly-logo.png HTTP/1.1" 200 1770 "http://localhost/dashboard/" "Mozilla/5.0 (Windows NT 10.0; Win64; x64; rv:74.0) Gecko/20100101 Firefox/74.0"
::1 - - [14/Feb/2020:15:31:08 +0100] "GET /dashboard/images/social-icons.png HTTP/1.1" 200 3361 "http://localhost/dashboard/stylesheets/all.css" "Mozilla/5.0 (Windows NT 10.0; Win64; x64; rv:74.0) Gecko/20100101 Firefox/74.0"
::1 - - [14/Feb/2020:15:31:08 +0100] "GET /dashboard/images/favicon.png HTTP/1.1" 200 2508 "-" "Mozilla/5.0 (Windows NT 10.0; Win64; x64; rv:74.0) Gecko/20100101 Firefox/74.0"
::1 - - [14/Feb/2020:15:31:08 +0100] "GET /dashboard/ HTTP/1.1" 200 7577 "-" "Mozilla/5.0 (Windows NT 10.0; Win64; x64; rv:74.0) Gecko/20100101 Firefox/74.0"
::1 - - [14/Feb/2020:15:31:08 +0100] "GET /dashboard/stylesheets/normalize.css HTTP/1.1" 200 6876 "http://localhost/dashboard/" "Mozilla/5.0 (Windows NT 10.0; Win64; x64; rv:74.0) Gecko/20100101 Firefox/74.0"
::1 - - [14/Feb/2020:15:31:08 +0100] "GET /dashboard/javascripts/modernizr.js HTTP/1.1" 200 51365 "http://localhost/dashboard/" "Mozilla/5.0 (Windows NT 10.0; Win64; x64; rv:74.0) Gecko/20100101 Firefox/74.0"
::1 - - [14/Feb/2020:15:31:08 +0100] "GET /dashboard/stylesheets/all.css HTTP/1.1" 200 481698 "http://localhost/dashboard/" "Mozilla/5.0 (Windows NT 10.0; Win64; x64; rv:74.0) Gecko/20100101 Firefox/74.0"
::1 - - [14/Feb/2020:15:31:08 +0100] "GET /dashboard/javascripts/all.js HTTP/1.1" 200 188385 "http://localhost/dashboard/" "Mozilla/5.0 (Windows NT 10.0; Win64; x64; rv:74.0) Gecko/20100101 Firefox/74.0"
::1 - - [14/Feb/2020:15:31:08 +0100] "GET /dashboard/images/xampp-logo.svg HTTP/1.1" 200 5427 "http://localhost/dashboard/" "Mozilla/5.0 (Windows NT 10.0; Win64; x64; rv:74.0) Gecko/20100101 Firefox/74.0"
::1 - - [14/Feb/2020:15:31:08 +0100] "GET /dashboard/images/bitnami-xampp.png HTTP/1.1" 200 22133 "http://localhost/dashboard/" "Mozilla/5.0 (Windows NT 10.0; Win64; x64; rv:74.0) Gecko/20100101 Firefox/74.0"
::1 - - [14/Feb/2020:15:31:08 +0100] "GET /dashboard/images/fastly-logo.png HTTP/1.1" 200 1770 "http://localhost/dashboard/" "Mozilla/5.0 (Windows NT 10.0; Win64; x64; rv:74.0) Gecko/20100101 Firefox/74.0"
::1 - - [14/Feb/2020:15:31:09 +0100] "GET /dashboard/images/social-icons.png HTTP/1.1" 200 3361 "http://localhost/dashboard/stylesheets/all.css" "Mozilla/5.0 (Windows NT 10.0; Win64; x64; rv:74.0) Gecko/20100101 Firefox/74.0"
::1 - - [14/Feb/2020:15:31:09 +0100] "GET /dashboard/images/favicon.png HTTP/1.1" 200 2508 "-" "Mozilla/5.0 (Windows NT 10.0; Win64; x64; rv:74.0) Gecko/20100101 Firefox/74.0"
::1 - - [14/Feb/2020:15:31:09 +0100] "GET /dashboard/ HTTP/1.1" 200 7577 "-" "Mozilla/5.0 (Windows NT 10.0; Win64; x64; rv:74.0) Gecko/20100101 Firefox/74.0"
::1 - - [14/Feb/2020:15:31:09 +0100] "GET /dashboard/stylesheets/normalize.css HTTP/1.1" 200 6876 "http://localhost/dashboard/" "Mozilla/5.0 (Windows NT 10.0; Win64; x64; rv:74.0) Gecko/20100101 Firefox/74.0"
::1 - - [14/Feb/2020:15:31:09 +0100] "GET /dashboard/javascripts/modernizr.js HTTP/1.1" 200 51365 "http://localhost/dashboard/" "Mozilla/5.0 (Windows NT 10.0; Win64; x64; rv:74.0) Gecko/20100101 Firefox/74.0"
::1 - - [14/Feb/2020:15:31:09 +0100] "GET /dashboard/javascripts/all.js HTTP/1.1" 200 188385 "http://localhost/dashboard/" "Mozilla/5.0 (Windows NT 10.0; Win64; x64; rv:74.0) Gecko/20100101 Firefox/74.0"
::1 - - [14/Feb/2020:15:31:09 +0100] "GET /dashboard/stylesheets/all.css HTTP/1.1" 200 481698 "http://localhost/dashboard/" "Mozilla/5.0 (Windows NT 10.0; Win64; x64; rv:74.0) Gecko/20100101 Firefox/74.0"
::1 - - [14/Feb/2020:15:31:09 +0100] "GET /dashboard/ HTTP/1.1" 200 7577 "-" "Mozilla/5.0 (Windows NT 10.0; Win64; x64; rv:74.0) Gecko/20100101 Firefox/74.0"
::1 - - [14/Feb/2020:15:31:09 +0100] "GET /dashboard/ HTTP/1.1" 200 7577 "-" "Mozilla/5.0 (Windows NT 10.0; Win64; x64; rv:74.0) Gecko/20100101 Firefox/74.0"
::1 - - [14/Feb/2020:15:31:09 +0100] "GET /dashboard/ HTTP/1.1" 200 7577 "-" "Mozilla/5.0 (Windows NT 10.0; Win64; x64; rv:74.0) Gecko/20100101 Firefox/74.0"
::1 - - [14/Feb/2020:15:31:09 +0100] "GET /dashboard/ HTTP/1.1" 200 7577 "-" "Mozilla/5.0 (Windows NT 10.0; Win64; x64; rv:74.0) Gecko/20100101 Firefox/74.0"
::1 - - [14/Feb/2020:15:31:09 +0100] "GET /dashboard/stylesheets/normalize.css HTTP/1.1" 200 6876 "http://localhost/dashboard/" "Mozilla/5.0 (Windows NT 10.0; Win64; x64; rv:74.0) Gecko/20100101 Firefox/74.0"
::1 - - [14/Feb/2020:15:31:09 +0100] "GET /dashboard/stylesheets/all.css HTTP/1.1" 200 481698 "http://localhost/dashboard/" "Mozilla/5.0 (Windows NT 10.0; Win64; x64; rv:74.0) Gecko/20100101 Firefox/74.0"
::1 - - [14/Feb/2020:15:31:09 +0100] "GET /dashboard/javascripts/all.js HTTP/1.1" 200 188385 "http://localhost/dashboard/" "Mozilla/5.0 (Windows NT 10.0; Win64; x64; rv:74.0) Gecko/20100101 Firefox/74.0"
::1 - - [14/Feb/2020:15:31:09 +0100] "GET /dashboard/javascripts/modernizr.js HTTP/1.1" 200 51365 "http://localhost/dashboard/" "Mozilla/5.0 (Windows NT 10.0; Win64; x64; rv:74.0) Gecko/20100101 Firefox/74.0"
::1 - - [14/Feb/2020:15:31:09 +0100] "GET /dashboard/ HTTP/1.1" 200 7577 "-" "Mozilla/5.0 (Windows NT 10.0; Win64; x64; rv:74.0) Gecko/20100101 Firefox/74.0"
::1 - - [14/Feb/2020:15:31:09 +0100] "GET /dashboard/ HTTP/1.1" 200 7577 "-" "Mozilla/5.0 (Windows NT 10.0; Win64; x64; rv:74.0) Gecko/20100101 Firefox/74.0"
::1 - - [14/Feb/2020:15:31:09 +0100] "GET /dashboard/ HTTP/1.1" 200 7577 "-" "Mozilla/5.0 (Windows NT 10.0; Win64; x64; rv:74.0) Gecko/20100101 Firefox/74.0"
::1 - - [14/Feb/2020:15:31:09 +0100] "GET /dashboard/stylesheets/normalize.css HTTP/1.1" 200 6876 "http://localhost/dashboard/" "Mozilla/5.0 (Windows NT 10.0; Win64; x64; rv:74.0) Gecko/20100101 Firefox/74.0"
::1 - - [14/Feb/2020:15:31:09 +0100] "GET /dashboard/stylesheets/all.css HTTP/1.1" 200 481698 "http://localhost/dashboard/" "Mozilla/5.0 (Windows NT 10.0; Win64; x64; rv:74.0) Gecko/20100101 Firefox/74.0"
::1 - - [14/Feb/2020:15:31:09 +0100] "GET /dashboard/javascripts/all.js HTTP/1.1" 200 188385 "http://localhost/dashboard/" "Mozilla/5.0 (Windows NT 10.0; Win64; x64; rv:74.0) Gecko/20100101 Firefox/74.0"
::1 - - [14/Feb/2020:15:31:09 +0100] "GET /dashboard/javascripts/modernizr.js HTTP/1.1" 200 51365 "http://localhost/dashboard/" "Mozilla/5.0 (Windows NT 10.0; Win64; x64; rv:74.0) Gecko/20100101 Firefox/74.0"
::1 - - [14/Feb/2020:15:31:09 +0100] "GET /dashboard/ HTTP/1.1" 200 7577 "-" "Mozilla/5.0 (Windows NT 10.0; Win64; x64; rv:74.0) Gecko/20100101 Firefox/74.0"
::1 - - [14/Feb/2020:15:31:09 +0100] "GET /dashboard/stylesheets/normalize.css HTTP/1.1" 200 6876 "http://localhost/dashboard/" "Mozilla/5.0 (Windows NT 10.0; Win64; x64; rv:74.0) Gecko/20100101 Firefox/74.0"
::1 - - [14/Feb/2020:15:31:09 +0100] "GET /dashboard/javascripts/modernizr.js HTTP/1.1" 200 51365 "http://localhost/dashboard/" "Mozilla/5.0 (Windows NT 10.0; Win64; x64; rv:74.0) Gecko/20100101 Firefox/74.0"
::1 - - [14/Feb/2020:15:31:09 +0100] "GET /dashboard/stylesheets/all.css HTTP/1.1" 200 481698 "http://localhost/dashboard/" "Mozilla/5.0 (Windows NT 10.0; Win64; x64; rv:74.0) Gecko/20100101 Firefox/74.0"
::1 - - [14/Feb/2020:15:31:09 +0100] "GET /dashboard/javascripts/all.js HTTP/1.1" 200 188385 "http://localhost/dashboard/" "Mozilla/5.0 (Windows NT 10.0; Win64; x64; rv:74.0) Gecko/20100101 Firefox/74.0"
::1 - - [14/Feb/2020:15:31:09 +0100] "GET /dashboard/ HTTP/1.1" 200 7577 "-" "Mozilla/5.0 (Windows NT 10.0; Win64; x64; rv:74.0) Gecko/20100101 Firefox/74.0"
::1 - - [14/Feb/2020:15:31:09 +0100] "GET /dashboard/ HTTP/1.1" 200 7577 "-" "Mozilla/5.0 (Windows NT 10.0; Win64; x64; rv:74.0) Gecko/20100101 Firefox/74.0"
::1 - - [14/Feb/2020:15:31:09 +0100] "GET /dashboard/stylesheets/normalize.css HTTP/1.1" 200 6876 "http://localhost/dashboard/" "Mozilla/5.0 (Windows NT 10.0; Win64; x64; rv:74.0) Gecko/20100101 Firefox/74.0"
::1 - - [14/Feb/2020:15:31:09 +0100] "GET /dashboard/javascripts/modernizr.js HTTP/1.1" 200 51365 "http://localhost/dashboard/" "Mozilla/5.0 (Windows NT 10.0; Win64; x64; rv:74.0) Gecko/20100101 Firefox/74.0"
::1 - - [14/Feb/2020:15:31:09 +0100] "GET /dashboard/ HTTP/1.1" 200 7577 "-" "Mozilla/5.0 (Windows NT 10.0; Win64; x64; rv:74.0) Gecko/20100101 Firefox/74.0"
::1 - - [14/Feb/2020:15:31:09 +0100] "GET /dashboard/stylesheets/normalize.css HTTP/1.1" 200 6876 "http://localhost/dashboard/" "Mozilla/5.0 (Windows NT 10.0; Win64; x64; rv:74.0) Gecko/20100101 Firefox/74.0"
::1 - - [14/Feb/2020:15:31:09 +0100] "GET /dashboard/javascripts/all.js HTTP/1.1" 200 188385 "http://localhost/dashboard/" "Mozilla/5.0 (Windows NT 10.0; Win64; x64; rv:74.0) Gecko/20100101 Firefox/74.0"
::1 - - [14/Feb/2020:15:31:09 +0100] "GET /dashboard/javascripts/modernizr.js HTTP/1.1" 200 51365 "http://localhost/dashboard/" "Mozilla/5.0 (Windows NT 10.0; Win64; x64; rv:74.0) Gecko/20100101 Firefox/74.0"
::1 - - [14/Feb/2020:15:31:09 +0100] "GET /dashboard/stylesheets/all.css HTTP/1.1" 200 481698 "http://localhost/dashboard/" "Mozilla/5.0 (Windows NT 10.0; Win64; x64; rv:74.0) Gecko/20100101 Firefox/74.0"
::1 - - [14/Feb/2020:15:31:09 +0100] "GET /dashboard/ HTTP/1.1" 200 7577 "-" "Mozilla/5.0 (Windows NT 10.0; Win64; x64; rv:74.0) Gecko/20100101 Firefox/74.0"
::1 - - [14/Feb/2020:15:31:09 +0100] "GET /dashboard/ HTTP/1.1" 200 7577 "-" "Mozilla/5.0 (Windows NT 10.0; Win64; x64; rv:74.0) Gecko/20100101 Firefox/74.0"
::1 - - [14/Feb/2020:15:31:09 +0100] "GET /dashboard/ HTTP/1.1" 200 7577 "-" "Mozilla/5.0 (Windows NT 10.0; Win64; x64; rv:74.0) Gecko/20100101 Firefox/74.0"
::1 - - [14/Feb/2020:15:31:09 +0100] "GET /dashboard/ HTTP/1.1" 200 7577 "-" "Mozilla/5.0 (Windows NT 10.0; Win64; x64; rv:74.0) Gecko/20100101 Firefox/74.0"
::1 - - [14/Feb/2020:15:31:09 +0100] "GET /dashboard/ HTTP/1.1" 200 7577 "-" "Mozilla/5.0 (Windows NT 10.0; Win64; x64; rv:74.0) Gecko/20100101 Firefox/74.0"
::1 - - [14/Feb/2020:15:31:09 +0100] "GET /dashboard/stylesheets/normalize.css HTTP/1.1" 200 6876 "http://localhost/dashboard/" "Mozilla/5.0 (Windows NT 10.0; Win64; x64; rv:74.0) Gecko/20100101 Firefox/74.0"
::1 - - [14/Feb/2020:15:31:09 +0100] "GET /dashboard/javascripts/modernizr.js HTTP/1.1" 200 51365 "http://localhost/dashboard/" "Mozilla/5.0 (Windows NT 10.0; Win64; x64; rv:74.0) Gecko/20100101 Firefox/74.0"
::1 - - [14/Feb/2020:15:31:09 +0100] "GET /dashboard/stylesheets/all.css HTTP/1.1" 200 481698 "http://localhost/dashboard/" "Mozilla/5.0 (Windows NT 10.0; Win64; x64; rv:74.0) Gecko/20100101 Firefox/74.0"
::1 - - [14/Feb/2020:15:31:09 +0100] "GET /dashboard/javascripts/all.js HTTP/1.1" 200 188385 "http://localhost/dashboard/" "Mozilla/5.0 (Windows NT 10.0; Win64; x64; rv:74.0) Gecko/20100101 Firefox/74.0"
::1 - - [14/Feb/2020:15:31:09 +0100] "GET /dashboard/ HTTP/1.1" 200 7577 "-" "Mozilla/5.0 (Windows NT 10.0; Win64; x64; rv:74.0) Gecko/20100101 Firefox/74.0"
::1 - - [14/Feb/2020:15:31:10 +0100] "GET /dashboard/ HTTP/1.1" 200 7577 "-" "Mozilla/5.0 (Windows NT 10.0; Win64; x64; rv:74.0) Gecko/20100101 Firefox/74.0"
::1 - - [14/Feb/2020:15:31:10 +0100] "GET /dashboard/stylesheets/normalize.css HTTP/1.1" 200 6876 "http://localhost/dashboard/" "Mozilla/5.0 (Windows NT 10.0; Win64; x64; rv:74.0) Gecko/20100101 Firefox/74.0"
::1 - - [14/Feb/2020:15:31:10 +0100] "GET /dashboard/stylesheets/all.css HTTP/1.1" 200 481698 "http://localhost/dashboard/" "Mozilla/5.0 (Windows NT 10.0; Win64; x64; rv:74.0) Gecko/20100101 Firefox/74.0"
::1 - - [14/Feb/2020:15:31:10 +0100] "GET /dashboard/ HTTP/1.1" 200 7577 "-" "Mozilla/5.0 (Windows NT 10.0; Win64; x64; rv:74.0) Gecko/20100101 Firefox/74.0"
::1 - - [14/Feb/2020:15:31:10 +0100] "GET /dashboard/stylesheets/normalize.css HTTP/1.1" 200 6876 "http://localhost/dashboard/" "Mozilla/5.0 (Windows NT 10.0; Win64; x64; rv:74.0) Gecko/20100101 Firefox/74.0"
::1 - - [14/Feb/2020:15:31:10 +0100] "GET /dashboard/javascripts/modernizr.js HTTP/1.1" 200 51365 "http://localhost/dashboard/" "Mozilla/5.0 (Windows NT 10.0; Win64; x64; rv:74.0) Gecko/20100101 Firefox/74.0"
::1 - - [14/Feb/2020:15:31:10 +0100] "GET /dashboard/javascripts/all.js HTTP/1.1" 200 188385 "http://localhost/dashboard/" "Mozilla/5.0 (Windows NT 10.0; Win64; x64; rv:74.0) Gecko/20100101 Firefox/74.0"
::1 - - [14/Feb/2020:15:31:10 +0100] "GET /dashboard/stylesheets/all.css HTTP/1.1" 200 481698 "http://localhost/dashboard/" "Mozilla/5.0 (Windows NT 10.0; Win64; x64; rv:74.0) Gecko/20100101 Firefox/74.0"
::1 - - [14/Feb/2020:15:31:10 +0100] "GET /dashboard/ HTTP/1.1" 200 7577 "-" "Mozilla/5.0 (Windows NT 10.0; Win64; x64; rv:74.0) Gecko/20100101 Firefox/74.0"
::1 - - [14/Feb/2020:15:31:10 +0100] "GET /dashboard/stylesheets/normalize.css HTTP/1.1" 200 6876 "http://localhost/dashboard/" "Mozilla/5.0 (Windows NT 10.0; Win64; x64; rv:74.0) Gecko/20100101 Firefox/74.0"
::1 - - [14/Feb/2020:15:31:10 +0100] "GET /dashboard/javascripts/all.js HTTP/1.1" 200 188385 "http://localhost/dashboard/" "Mozilla/5.0 (Windows NT 10.0; Win64; x64; rv:74.0) Gecko/20100101 Firefox/74.0"
::1 - - [14/Feb/2020:15:31:10 +0100] "GET /dashboard/stylesheets/all.css HTTP/1.1" 200 481698 "http://localhost/dashboard/" "Mozilla/5.0 (Windows NT 10.0; Win64; x64; rv:74.0) Gecko/20100101 Firefox/74.0"
::1 - - [14/Feb/2020:15:31:10 +0100] "GET /dashboard/javascripts/modernizr.js HTTP/1.1" 200 51365 "http://localhost/dashboard/" "Mozilla/5.0 (Windows NT 10.0; Win64; x64; rv:74.0) Gecko/20100101 Firefox/74.0"
::1 - - [14/Feb/2020:15:31:10 +0100] "GET /dashboard/ HTTP/1.1" 200 7577 "-" "Mozilla/5.0 (Windows NT 10.0; Win64; x64; rv:74.0) Gecko/20100101 Firefox/74.0"
::1 - - [14/Feb/2020:15:31:10 +0100] "GET /dashboard/stylesheets/normalize.css HTTP/1.1" 200 6876 "http://localhost/dashboard/" "Mozilla/5.0 (Windows NT 10.0; Win64; x64; rv:74.0) Gecko/20100101 Firefox/74.0"
::1 - - [14/Feb/2020:15:31:10 +0100] "GET /dashboard/javascripts/all.js HTTP/1.1" 200 188385 "http://localhost/dashboard/" "Mozilla/5.0 (Windows NT 10.0; Win64; x64; rv:74.0) Gecko/20100101 Firefox/74.0"
::1 - - [14/Feb/2020:15:31:10 +0100] "GET /dashboard/stylesheets/all.css HTTP/1.1" 200 481698 "http://localhost/dashboard/" "Mozilla/5.0 (Windows NT 10.0; Win64; x64; rv:74.0) Gecko/20100101 Firefox/74.0"
::1 - - [14/Feb/2020:15:31:10 +0100] "GET /dashboard/javascripts/modernizr.js HTTP/1.1" 200 51365 "http://localhost/dashboard/" "Mozilla/5.0 (Windows NT 10.0; Win64; x64; rv:74.0) Gecko/20100101 Firefox/74.0"
::1 - - [14/Feb/2020:15:31:10 +0100] "GET /dashboard/ HTTP/1.1" 200 7577 "-" "Mozilla/5.0 (Windows NT 10.0; Win64; x64; rv:74.0) Gecko/20100101 Firefox/74.0"
::1 - - [14/Feb/2020:15:31:10 +0100] "GET /dashboard/stylesheets/normalize.css HTTP/1.1" 200 6876 "http://localhost/dashboard/" "Mozilla/5.0 (Windows NT 10.0; Win64; x64; rv:74.0) Gecko/20100101 Firefox/74.0"
::1 - - [14/Feb/2020:15:31:10 +0100] "GET /dashboard/javascripts/modernizr.js HTTP/1.1" 200 51365 "http://localhost/dashboard/" "Mozilla/5.0 (Windows NT 10.0; Win64; x64; rv:74.0) Gecko/20100101 Firefox/74.0"
::1 - - [14/Feb/2020:15:31:10 +0100] "GET /dashboard/javascripts/all.js HTTP/1.1" 200 188385 "http://localhost/dashboard/" "Mozilla/5.0 (Windows NT 10.0; Win64; x64; rv:74.0) Gecko/20100101 Firefox/74.0"
::1 - - [14/Feb/2020:15:31:10 +0100] "GET /dashboard/stylesheets/all.css HTTP/1.1" 200 481698 "http://localhost/dashboard/" "Mozilla/5.0 (Windows NT 10.0; Win64; x64; rv:74.0) Gecko/20100101 Firefox/74.0"
::1 - - [14/Feb/2020:15:31:10 +0100] "GET /dashboard/images/xampp-logo.svg HTTP/1.1" 200 5427 "http://localhost/dashboard/" "Mozilla/5.0 (Windows NT 10.0; Win64; x64; rv:74.0) Gecko/20100101 Firefox/74.0"
::1 - - [14/Feb/2020:15:31:10 +0100] "GET /dashboard/images/bitnami-xampp.png HTTP/1.1" 200 22133 "http://localhost/dashboard/" "Mozilla/5.0 (Windows NT 10.0; Win64; x64; rv:74.0) Gecko/20100101 Firefox/74.0"
::1 - - [14/Feb/2020:15:31:10 +0100] "GET /dashboard/images/fastly-logo.png HTTP/1.1" 200 1770 "http://localhost/dashboard/" "Mozilla/5.0 (Windows NT 10.0; Win64; x64; rv:74.0) Gecko/20100101 Firefox/74.0"
::1 - - [14/Feb/2020:15:31:10 +0100] "GET /dashboard/images/social-icons.png HTTP/1.1" 200 3361 "http://localhost/dashboard/stylesheets/all.css" "Mozilla/5.0 (Windows NT 10.0; Win64; x64; rv:74.0) Gecko/20100101 Firefox/74.0"
::1 - - [14/Feb/2020:15:31:10 +0100] "GET /dashboard/images/favicon.png HTTP/1.1" 200 2508 "-" "Mozilla/5.0 (Windows NT 10.0; Win64; x64; rv:74.0) Gecko/20100101 Firefox/74.0"
127.0.0.1 - - [14/Feb/2020:15:31:24 +0100] "GET / HTTP/1.1" 200 2484 "-" "Mozilla/5.0 (Windows NT 10.0; Win64; x64; rv:74.0) Gecko/20100101 Firefox/74.0"
127.0.0.1 - - [14/Feb/2020:15:31:24 +0100] "GET /icons/blank.gif HTTP/1.1" 200 148 "http://localhost/" "Mozilla/5.0 (Windows NT 10.0; Win64; x64; rv:74.0) Gecko/20100101 Firefox/74.0"
127.0.0.1 - - [14/Feb/2020:15:31:24 +0100] "GET /icons/image2.gif HTTP/1.1" 200 309 "http://localhost/" "Mozilla/5.0 (Windows NT 10.0; Win64; x64; rv:74.0) Gecko/20100101 Firefox/74.0"
127.0.0.1 - - [14/Feb/2020:15:31:24 +0100] "GET /icons/text.gif HTTP/1.1" 200 229 "http://localhost/" "Mozilla/5.0 (Windows NT 10.0; Win64; x64; rv:74.0) Gecko/20100101 Firefox/74.0"
127.0.0.1 - - [14/Feb/2020:15:31:24 +0100] "GET /icons/folder.gif HTTP/1.1" 200 225 "http://localhost/" "Mozilla/5.0 (Windows NT 10.0; Win64; x64; rv:74.0) Gecko/20100101 Firefox/74.0"
127.0.0.1 - - [14/Feb/2020:15:31:24 +0100] "GET /favicon.ico HTTP/1.1" 200 30894 "-" "Mozilla/5.0 (Windows NT 10.0; Win64; x64; rv:74.0) Gecko/20100101 Firefox/74.0"
127.0.0.1 - - [14/Feb/2020:15:31:32 +0100] "GET /JSON/ HTTP/1.1" 200 978 "http://localhost/" "Mozilla/5.0 (Windows NT 10.0; Win64; x64; rv:74.0) Gecko/20100101 Firefox/74.0"
127.0.0.1 - - [14/Feb/2020:15:31:32 +0100] "GET /icons/back.gif HTTP/1.1" 200 216 "http://localhost/JSON/" "Mozilla/5.0 (Windows NT 10.0; Win64; x64; rv:74.0) Gecko/20100101 Firefox/74.0"
127.0.0.1 - - [14/Feb/2020:15:31:34 +0100] "GET /JSON/ejemplos/ HTTP/1.1" 200 1424 "http://localhost/JSON/" "Mozilla/5.0 (Windows NT 10.0; Win64; x64; rv:74.0) Gecko/20100101 Firefox/74.0"
127.0.0.1 - - [14/Feb/2020:15:31:34 +0100] "GET /JSON/ejemplos/EjemploAPI.php HTTP/1.1" 200 1931 "http://localhost/JSON/ejemplos/" "Mozilla/5.0 (Windows NT 10.0; Win64; x64; rv:74.0) Gecko/20100101 Firefox/74.0"
