[Fri Feb 14 11:35:20.948847 2020] [ssl:warn] [pid 18464:tid 540] AH01909: www.example.com:443:0 server certificate does NOT include an ID which matches the server name
[Fri Feb 14 11:35:20.993640 2020] [ssl:warn] [pid 18464:tid 540] AH01909: www.example.com:443:0 server certificate does NOT include an ID which matches the server name
[Fri Feb 14 11:35:21.283508 2020] [mpm_winnt:notice] [pid 18464:tid 540] AH00455: Apache/2.4.41 (Win64) OpenSSL/1.1.1c PHP/7.3.14 configured -- resuming normal operations
[Fri Feb 14 11:35:21.283508 2020] [mpm_winnt:notice] [pid 18464:tid 540] AH00456: Apache Lounge VC15 Server built: Aug 11 2019 12:20:04
[Fri Feb 14 11:35:21.283508 2020] [core:notice] [pid 18464:tid 540] AH00094: Command line: 'c:\\users\\jaime\\onedrive\\escritorio\\portable\\xampp\\apache\\bin\\httpd.exe -d C:/Users/jaime/OneDrive/Escritorio/portable/xampp/apache'
[Fri Feb 14 11:35:21.283508 2020] [mpm_winnt:notice] [pid 18464:tid 540] AH00418: Parent: Created child process 7392
[Fri Feb 14 11:35:21.783510 2020] [ssl:warn] [pid 7392:tid 564] AH01909: www.example.com:443:0 server certificate does NOT include an ID which matches the server name
[Fri Feb 14 11:35:21.843503 2020] [ssl:warn] [pid 7392:tid 564] AH01909: www.example.com:443:0 server certificate does NOT include an ID which matches the server name
[Fri Feb 14 11:35:21.883583 2020] [mpm_winnt:notice] [pid 7392:tid 564] AH00354: Child: Starting 150 worker threads.
[Fri Feb 14 11:40:42.833706 2020] [mpm_winnt:crit] [pid 7392:tid 564] AH02538: Child: Parent process exited abruptly. Child process is ending
[Fri Feb 14 11:40:49.923384 2020] [ssl:warn] [pid 8068:tid 156] AH01909: www.example.com:443:0 server certificate does NOT include an ID which matches the server name
[Fri Feb 14 11:40:49.963346 2020] [core:warn] [pid 8068:tid 156] AH00098: pid file C:/Users/jaime/OneDrive/Escritorio/portable/xampp/apache/logs/httpd.pid overwritten -- Unclean shutdown of previous Apache run?
[Fri Feb 14 11:40:49.970334 2020] [ssl:warn] [pid 8068:tid 156] AH01909: www.example.com:443:0 server certificate does NOT include an ID which matches the server name
PHP Warning:  Failed loading Zend extension '\\php\\ext\\php_xdebug-2.6.1-7.2-vc15-x86_64.dll' (tried: \\Users\\jaime\\OneDrive\\Escritorio\\portable\\xampp\\php\\ext\\\\php\\ext\\php_xdebug-2.6.1-7.2-vc15-x86_64.dll (No se puede encontrar el m\xf3dulo especificado.), \\Users\\jaime\\OneDrive\\Escritorio\\portable\\xampp\\php\\ext\\php_\\php\\ext\\php_xdebug-2.6.1-7.2-vc15-x86_64.dll.dll (No se puede encontrar el m\xf3dulo especificado.)) in Unknown on line 0
[Fri Feb 14 11:40:49.993353 2020] [mpm_winnt:notice] [pid 8068:tid 156] AH00455: Apache/2.4.41 (Win64) OpenSSL/1.1.1c PHP/7.3.14 configured -- resuming normal operations
[Fri Feb 14 11:40:49.993353 2020] [mpm_winnt:notice] [pid 8068:tid 156] AH00456: Apache Lounge VC15 Server built: Aug 11 2019 12:20:04
[Fri Feb 14 11:40:49.993353 2020] [core:notice] [pid 8068:tid 156] AH00094: Command line: 'c:\\users\\jaime\\onedrive\\escritorio\\portable\\xampp\\apache\\bin\\httpd.exe -d C:/Users/jaime/OneDrive/Escritorio/portable/xampp/apache'
[Fri Feb 14 11:40:49.993353 2020] [mpm_winnt:notice] [pid 8068:tid 156] AH00418: Parent: Created child process 6612
[Fri Feb 14 11:40:50.463329 2020] [ssl:warn] [pid 6612:tid 616] AH01909: www.example.com:443:0 server certificate does NOT include an ID which matches the server name
[Fri Feb 14 11:40:50.502979 2020] [ssl:warn] [pid 6612:tid 616] AH01909: www.example.com:443:0 server certificate does NOT include an ID which matches the server name
PHP Warning:  Failed loading Zend extension '\\php\\ext\\php_xdebug-2.6.1-7.2-vc15-x86_64.dll' (tried: \\Users\\jaime\\OneDrive\\Escritorio\\portable\\xampp\\php\\ext\\\\php\\ext\\php_xdebug-2.6.1-7.2-vc15-x86_64.dll (No se puede encontrar el m\xf3dulo especificado.), \\Users\\jaime\\OneDrive\\Escritorio\\portable\\xampp\\php\\ext\\php_\\php\\ext\\php_xdebug-2.6.1-7.2-vc15-x86_64.dll.dll (No se puede encontrar el m\xf3dulo especificado.)) in Unknown on line 0
[Fri Feb 14 11:40:50.533124 2020] [mpm_winnt:notice] [pid 6612:tid 616] AH00354: Child: Starting 150 worker threads.
[Fri Feb 14 11:42:25.823356 2020] [mpm_winnt:crit] [pid 6612:tid 616] AH02538: Child: Parent process exited abruptly. Child process is ending
[Fri Feb 14 11:42:27.383232 2020] [ssl:warn] [pid 6964:tid 648] AH01909: www.example.com:443:0 server certificate does NOT include an ID which matches the server name
[Fri Feb 14 11:42:27.423042 2020] [core:warn] [pid 6964:tid 648] AH00098: pid file C:/Users/jaime/OneDrive/Escritorio/portable/xampp/apache/logs/httpd.pid overwritten -- Unclean shutdown of previous Apache run?
[Fri Feb 14 11:42:27.423042 2020] [ssl:warn] [pid 6964:tid 648] AH01909: www.example.com:443:0 server certificate does NOT include an ID which matches the server name
PHP Warning:  Failed loading Zend extension '\\php\\ext\\php_xdebug-2.6.1-7.2-vc15-x86_64.dll' (tried: \\Users\\jaime\\OneDrive\\Escritorio\\portable\\xampp\\php\\ext\\\\php\\ext\\php_xdebug-2.6.1-7.2-vc15-x86_64.dll (No se puede encontrar el m\xf3dulo especificado.), \\Users\\jaime\\OneDrive\\Escritorio\\portable\\xampp\\php\\ext\\php_\\php\\ext\\php_xdebug-2.6.1-7.2-vc15-x86_64.dll.dll (No se puede encontrar el m\xf3dulo especificado.)) in Unknown on line 0
[Fri Feb 14 11:42:27.453307 2020] [mpm_winnt:notice] [pid 6964:tid 648] AH00455: Apache/2.4.41 (Win64) OpenSSL/1.1.1c PHP/7.3.14 configured -- resuming normal operations
[Fri Feb 14 11:42:27.453307 2020] [mpm_winnt:notice] [pid 6964:tid 648] AH00456: Apache Lounge VC15 Server built: Aug 11 2019 12:20:04
[Fri Feb 14 11:42:27.453307 2020] [core:notice] [pid 6964:tid 648] AH00094: Command line: 'c:\\users\\jaime\\onedrive\\escritorio\\portable\\xampp\\apache\\bin\\httpd.exe -d C:/Users/jaime/OneDrive/Escritorio/portable/xampp/apache'
[Fri Feb 14 11:42:27.453307 2020] [mpm_winnt:notice] [pid 6964:tid 648] AH00418: Parent: Created child process 27228
[Fri Feb 14 11:42:27.928280 2020] [ssl:warn] [pid 27228:tid 664] AH01909: www.example.com:443:0 server certificate does NOT include an ID which matches the server name
[Fri Feb 14 11:42:27.977887 2020] [ssl:warn] [pid 27228:tid 664] AH01909: www.example.com:443:0 server certificate does NOT include an ID which matches the server name
PHP Warning:  Failed loading Zend extension '\\php\\ext\\php_xdebug-2.6.1-7.2-vc15-x86_64.dll' (tried: \\Users\\jaime\\OneDrive\\Escritorio\\portable\\xampp\\php\\ext\\\\php\\ext\\php_xdebug-2.6.1-7.2-vc15-x86_64.dll (No se puede encontrar el m\xf3dulo especificado.), \\Users\\jaime\\OneDrive\\Escritorio\\portable\\xampp\\php\\ext\\php_\\php\\ext\\php_xdebug-2.6.1-7.2-vc15-x86_64.dll.dll (No se puede encontrar el m\xf3dulo especificado.)) in Unknown on line 0
[Fri Feb 14 11:42:28.002977 2020] [mpm_winnt:notice] [pid 27228:tid 664] AH00354: Child: Starting 150 worker threads.
[Fri Feb 14 11:44:21.142804 2020] [mpm_winnt:crit] [pid 27228:tid 664] AH02538: Child: Parent process exited abruptly. Child process is ending
[Fri Feb 14 11:44:22.212724 2020] [ssl:warn] [pid 6012:tid 628] AH01909: www.example.com:443:0 server certificate does NOT include an ID which matches the server name
[Fri Feb 14 11:44:22.252670 2020] [core:warn] [pid 6012:tid 628] AH00098: pid file C:/Users/jaime/OneDrive/Escritorio/portable/xampp/apache/logs/httpd.pid overwritten -- Unclean shutdown of previous Apache run?
[Fri Feb 14 11:44:22.263063 2020] [ssl:warn] [pid 6012:tid 628] AH01909: www.example.com:443:0 server certificate does NOT include an ID which matches the server name
PHP Warning:  Failed loading Zend extension '\\Users\\jaime\\OneDrive\\Escritorio\\portable\\xampp\\php\\ext\\php_xdebug-2.6.1-7.2-vc15-x86_64.dll' (tried: \\Users\\jaime\\OneDrive\\Escritorio\\portable\\xampp\\php\\ext\\\\Users\\jaime\\OneDrive\\Escritorio\\portable\\xampp\\php\\ext\\php_xdebug-2.6.1-7.2-vc15-x86_64.dll (No se puede encontrar el m\xf3dulo especificado.), \\Users\\jaime\\OneDrive\\Escritorio\\portable\\xampp\\php\\ext\\php_\\Users\\jaime\\OneDrive\\Escritorio\\portable\\xampp\\php\\ext\\php_xdebug-2.6.1-7.2-vc15-x86_64.dll.dll (No se puede encontrar el m\xf3dulo especificado.)) in Unknown on line 0
[Fri Feb 14 11:44:22.287794 2020] [mpm_winnt:notice] [pid 6012:tid 628] AH00455: Apache/2.4.41 (Win64) OpenSSL/1.1.1c PHP/7.3.14 configured -- resuming normal operations
[Fri Feb 14 11:44:22.287794 2020] [mpm_winnt:notice] [pid 6012:tid 628] AH00456: Apache Lounge VC15 Server built: Aug 11 2019 12:20:04
[Fri Feb 14 11:44:22.287794 2020] [core:notice] [pid 6012:tid 628] AH00094: Command line: 'c:\\users\\jaime\\onedrive\\escritorio\\portable\\xampp\\apache\\bin\\httpd.exe -d C:/Users/jaime/OneDrive/Escritorio/portable/xampp/apache'
[Fri Feb 14 11:44:22.292871 2020] [mpm_winnt:notice] [pid 6012:tid 628] AH00418: Parent: Created child process 21152
[Fri Feb 14 11:44:22.772970 2020] [ssl:warn] [pid 21152:tid 648] AH01909: www.example.com:443:0 server certificate does NOT include an ID which matches the server name
[Fri Feb 14 11:44:22.812873 2020] [ssl:warn] [pid 21152:tid 648] AH01909: www.example.com:443:0 server certificate does NOT include an ID which matches the server name
PHP Warning:  Failed loading Zend extension '\\Users\\jaime\\OneDrive\\Escritorio\\portable\\xampp\\php\\ext\\php_xdebug-2.6.1-7.2-vc15-x86_64.dll' (tried: \\Users\\jaime\\OneDrive\\Escritorio\\portable\\xampp\\php\\ext\\\\Users\\jaime\\OneDrive\\Escritorio\\portable\\xampp\\php\\ext\\php_xdebug-2.6.1-7.2-vc15-x86_64.dll (No se puede encontrar el m\xf3dulo especificado.), \\Users\\jaime\\OneDrive\\Escritorio\\portable\\xampp\\php\\ext\\php_\\Users\\jaime\\OneDrive\\Escritorio\\portable\\xampp\\php\\ext\\php_xdebug-2.6.1-7.2-vc15-x86_64.dll.dll (No se puede encontrar el m\xf3dulo especificado.)) in Unknown on line 0
[Fri Feb 14 11:44:22.832822 2020] [mpm_winnt:notice] [pid 21152:tid 648] AH00354: Child: Starting 150 worker threads.
[Fri Feb 14 11:50:39.622351 2020] [mpm_winnt:crit] [pid 21152:tid 648] AH02538: Child: Parent process exited abruptly. Child process is ending
[Fri Feb 14 15:03:39.489376 2020] [ssl:warn] [pid 25936:tid 168] AH01909: www.example.com:443:0 server certificate does NOT include an ID which matches the server name
[Fri Feb 14 15:03:39.534048 2020] [core:warn] [pid 25936:tid 168] AH00098: pid file C:/Users/jaime/OneDrive/Escritorio/portable/xampp/apache/logs/httpd.pid overwritten -- Unclean shutdown of previous Apache run?
[Fri Feb 14 15:03:39.542717 2020] [ssl:warn] [pid 25936:tid 168] AH01909: www.example.com:443:0 server certificate does NOT include an ID which matches the server name
PHP Warning:  Failed loading Zend extension '\\Users\\jaime\\OneDrive\\Escritorio\\portable\\xampp\\php\\ext\\php_xdebug-2.6.1-7.2-vc15-x86_64.dll' (tried: \\Users\\jaime\\OneDrive\\Escritorio\\portable\\xampp\\php\\ext\\\\Users\\jaime\\OneDrive\\Escritorio\\portable\\xampp\\php\\ext\\php_xdebug-2.6.1-7.2-vc15-x86_64.dll (No se puede encontrar el m\xf3dulo especificado.), \\Users\\jaime\\OneDrive\\Escritorio\\portable\\xampp\\php\\ext\\php_\\Users\\jaime\\OneDrive\\Escritorio\\portable\\xampp\\php\\ext\\php_xdebug-2.6.1-7.2-vc15-x86_64.dll.dll (No se puede encontrar el m\xf3dulo especificado.)) in Unknown on line 0
[Fri Feb 14 15:03:39.799599 2020] [mpm_winnt:notice] [pid 25936:tid 168] AH00455: Apache/2.4.41 (Win64) OpenSSL/1.1.1c PHP/7.3.14 configured -- resuming normal operations
[Fri Feb 14 15:03:39.799599 2020] [mpm_winnt:notice] [pid 25936:tid 168] AH00456: Apache Lounge VC15 Server built: Aug 11 2019 12:20:04
[Fri Feb 14 15:03:39.799599 2020] [core:notice] [pid 25936:tid 168] AH00094: Command line: 'c:\\users\\jaime\\onedrive\\escritorio\\portable\\xampp\\apache\\bin\\httpd.exe -d C:/Users/jaime/OneDrive/Escritorio/portable/xampp/apache'
[Fri Feb 14 15:03:39.799599 2020] [mpm_winnt:notice] [pid 25936:tid 168] AH00418: Parent: Created child process 4332
[Fri Feb 14 15:03:40.159114 2020] [ssl:warn] [pid 4332:tid 672] AH01909: www.example.com:443:0 server certificate does NOT include an ID which matches the server name
[Fri Feb 14 15:03:40.199527 2020] [ssl:warn] [pid 4332:tid 672] AH01909: www.example.com:443:0 server certificate does NOT include an ID which matches the server name
PHP Warning:  Failed loading Zend extension '\\Users\\jaime\\OneDrive\\Escritorio\\portable\\xampp\\php\\ext\\php_xdebug-2.6.1-7.2-vc15-x86_64.dll' (tried: \\Users\\jaime\\OneDrive\\Escritorio\\portable\\xampp\\php\\ext\\\\Users\\jaime\\OneDrive\\Escritorio\\portable\\xampp\\php\\ext\\php_xdebug-2.6.1-7.2-vc15-x86_64.dll (No se puede encontrar el m\xf3dulo especificado.), \\Users\\jaime\\OneDrive\\Escritorio\\portable\\xampp\\php\\ext\\php_\\Users\\jaime\\OneDrive\\Escritorio\\portable\\xampp\\php\\ext\\php_xdebug-2.6.1-7.2-vc15-x86_64.dll.dll (No se puede encontrar el m\xf3dulo especificado.)) in Unknown on line 0
[Fri Feb 14 15:03:40.229760 2020] [mpm_winnt:notice] [pid 4332:tid 672] AH00354: Child: Starting 150 worker threads.
[Fri Feb 14 15:06:03.579242 2020] [ssl:warn] [pid 19240:tid 656] AH01909: www.example.com:443:0 server certificate does NOT include an ID which matches the server name
[Fri Feb 14 15:06:03.640214 2020] [core:warn] [pid 19240:tid 656] AH00098: pid file C:/Users/jaime/OneDrive/Escritorio/portable/xampp/apache/logs/httpd.pid overwritten -- Unclean shutdown of previous Apache run?
[Fri Feb 14 15:06:03.640214 2020] [ssl:warn] [pid 19240:tid 656] AH01909: www.example.com:443:0 server certificate does NOT include an ID which matches the server name
[Fri Feb 14 15:06:03.689028 2020] [mpm_winnt:notice] [pid 19240:tid 656] AH00455: Apache/2.4.41 (Win64) OpenSSL/1.1.1c PHP/7.3.14 configured -- resuming normal operations
[Fri Feb 14 15:06:03.689028 2020] [mpm_winnt:notice] [pid 19240:tid 656] AH00456: Apache Lounge VC15 Server built: Aug 11 2019 12:20:04
[Fri Feb 14 15:06:03.689028 2020] [core:notice] [pid 19240:tid 656] AH00094: Command line: 'c:\\users\\jaime\\onedrive\\escritorio\\portable\\xampp\\apache\\bin\\httpd.exe -d C:/Users/jaime/OneDrive/Escritorio/portable/xampp/apache'
[Fri Feb 14 15:06:03.689028 2020] [mpm_winnt:notice] [pid 19240:tid 656] AH00418: Parent: Created child process 23184
[Fri Feb 14 15:06:04.183968 2020] [ssl:warn] [pid 23184:tid 616] AH01909: www.example.com:443:0 server certificate does NOT include an ID which matches the server name
[Fri Feb 14 15:06:04.228966 2020] [ssl:warn] [pid 23184:tid 616] AH01909: www.example.com:443:0 server certificate does NOT include an ID which matches the server name
[Fri Feb 14 15:06:04.249213 2020] [mpm_winnt:notice] [pid 23184:tid 616] AH00354: Child: Starting 150 worker threads.
[Fri Feb 14 15:06:05.059040 2020] [php7:notice] [pid 23184:tid 1896] [client ::1:50758] Xdebug could not open the remote debug file 'c:\\tmp\\xdebug\\xdebug.log'.
[Fri Feb 14 15:06:07.308893 2020] [php7:notice] [pid 23184:tid 1896] [client ::1:50758] Xdebug could not open the remote debug file 'c:\\tmp\\xdebug\\xdebug.log'., referer: http://localhost/dashboard/
[Fri Feb 14 15:07:15.214117 2020] [ssl:warn] [pid 10436:tid 692] AH01909: www.example.com:443:0 server certificate does NOT include an ID which matches the server name
[Fri Feb 14 15:07:15.258903 2020] [core:warn] [pid 10436:tid 692] AH00098: pid file C:/Users/jaime/OneDrive/Escritorio/portable/xampp/apache/logs/httpd.pid overwritten -- Unclean shutdown of previous Apache run?
[Fri Feb 14 15:07:15.263908 2020] [ssl:warn] [pid 10436:tid 692] AH01909: www.example.com:443:0 server certificate does NOT include an ID which matches the server name
PHP Warning:  Failed loading Zend extension 'xampp\\php\\ext\\php_xdebug-2.9.2-7.3-vc15-x86_64.dll' (tried: \\Users\\jaime\\OneDrive\\Escritorio\\portable\\xampp\\php\\ext\\xampp\\php\\ext\\php_xdebug-2.9.2-7.3-vc15-x86_64.dll (No se puede encontrar el m\xf3dulo especificado.), \\Users\\jaime\\OneDrive\\Escritorio\\portable\\xampp\\php\\ext\\php_xampp\\php\\ext\\php_xdebug-2.9.2-7.3-vc15-x86_64.dll.dll (No se puede encontrar el m\xf3dulo especificado.)) in Unknown on line 0
[Fri Feb 14 15:07:15.294022 2020] [mpm_winnt:notice] [pid 10436:tid 692] AH00455: Apache/2.4.41 (Win64) OpenSSL/1.1.1c PHP/7.3.14 configured -- resuming normal operations
[Fri Feb 14 15:07:15.294022 2020] [mpm_winnt:notice] [pid 10436:tid 692] AH00456: Apache Lounge VC15 Server built: Aug 11 2019 12:20:04
[Fri Feb 14 15:07:15.294022 2020] [core:notice] [pid 10436:tid 692] AH00094: Command line: 'c:\\users\\jaime\\onedrive\\escritorio\\portable\\xampp\\apache\\bin\\httpd.exe -d C:/Users/jaime/OneDrive/Escritorio/portable/xampp/apache'
[Fri Feb 14 15:07:15.294022 2020] [mpm_winnt:notice] [pid 10436:tid 692] AH00418: Parent: Created child process 24032
[Fri Feb 14 15:07:15.638803 2020] [ssl:warn] [pid 24032:tid 644] AH01909: www.example.com:443:0 server certificate does NOT include an ID which matches the server name
[Fri Feb 14 15:07:15.689001 2020] [ssl:warn] [pid 24032:tid 644] AH01909: www.example.com:443:0 server certificate does NOT include an ID which matches the server name
PHP Warning:  Failed loading Zend extension 'xampp\\php\\ext\\php_xdebug-2.9.2-7.3-vc15-x86_64.dll' (tried: \\Users\\jaime\\OneDrive\\Escritorio\\portable\\xampp\\php\\ext\\xampp\\php\\ext\\php_xdebug-2.9.2-7.3-vc15-x86_64.dll (No se puede encontrar el m\xf3dulo especificado.), \\Users\\jaime\\OneDrive\\Escritorio\\portable\\xampp\\php\\ext\\php_xampp\\php\\ext\\php_xdebug-2.9.2-7.3-vc15-x86_64.dll.dll (No se puede encontrar el m\xf3dulo especificado.)) in Unknown on line 0
[Fri Feb 14 15:07:15.724077 2020] [mpm_winnt:notice] [pid 24032:tid 644] AH00354: Child: Starting 150 worker threads.
[Fri Feb 14 15:08:34.958833 2020] [ssl:warn] [pid 3120:tid 620] AH01909: www.example.com:443:0 server certificate does NOT include an ID which matches the server name
[Fri Feb 14 15:08:34.998879 2020] [core:warn] [pid 3120:tid 620] AH00098: pid file C:/Users/jaime/OneDrive/Escritorio/portable/xampp/apache/logs/httpd.pid overwritten -- Unclean shutdown of previous Apache run?
[Fri Feb 14 15:08:35.003886 2020] [ssl:warn] [pid 3120:tid 620] AH01909: www.example.com:443:0 server certificate does NOT include an ID which matches the server name
PHP Warning:  Failed loading Zend extension '\\Users\\jaime\\OneDrive\\Escritorio\\portable\\xampp\\php\\ext\\php_xdebug-2.9.2-7.3-vc15-x86_64.dll' (tried: \\Users\\jaime\\OneDrive\\Escritorio\\portable\\xampp\\php\\ext\\\\Users\\jaime\\OneDrive\\Escritorio\\portable\\xampp\\php\\ext\\php_xdebug-2.9.2-7.3-vc15-x86_64.dll (No se puede encontrar el m\xf3dulo especificado.), \\Users\\jaime\\OneDrive\\Escritorio\\portable\\xampp\\php\\ext\\php_\\Users\\jaime\\OneDrive\\Escritorio\\portable\\xampp\\php\\ext\\php_xdebug-2.9.2-7.3-vc15-x86_64.dll.dll (No se puede encontrar el m\xf3dulo especificado.)) in Unknown on line 0
[Fri Feb 14 15:08:35.038870 2020] [mpm_winnt:notice] [pid 3120:tid 620] AH00455: Apache/2.4.41 (Win64) OpenSSL/1.1.1c PHP/7.3.14 configured -- resuming normal operations
[Fri Feb 14 15:08:35.038870 2020] [mpm_winnt:notice] [pid 3120:tid 620] AH00456: Apache Lounge VC15 Server built: Aug 11 2019 12:20:04
[Fri Feb 14 15:08:35.038870 2020] [core:notice] [pid 3120:tid 620] AH00094: Command line: 'c:\\users\\jaime\\onedrive\\escritorio\\portable\\xampp\\apache\\bin\\httpd.exe -d C:/Users/jaime/OneDrive/Escritorio/portable/xampp/apache'
[Fri Feb 14 15:08:35.038870 2020] [mpm_winnt:notice] [pid 3120:tid 620] AH00418: Parent: Created child process 21136
[Fri Feb 14 15:08:35.528589 2020] [ssl:warn] [pid 21136:tid 644] AH01909: www.example.com:443:0 server certificate does NOT include an ID which matches the server name
[Fri Feb 14 15:08:35.570585 2020] [ssl:warn] [pid 21136:tid 644] AH01909: www.example.com:443:0 server certificate does NOT include an ID which matches the server name
PHP Warning:  Failed loading Zend extension '\\Users\\jaime\\OneDrive\\Escritorio\\portable\\xampp\\php\\ext\\php_xdebug-2.9.2-7.3-vc15-x86_64.dll' (tried: \\Users\\jaime\\OneDrive\\Escritorio\\portable\\xampp\\php\\ext\\\\Users\\jaime\\OneDrive\\Escritorio\\portable\\xampp\\php\\ext\\php_xdebug-2.9.2-7.3-vc15-x86_64.dll (No se puede encontrar el m\xf3dulo especificado.), \\Users\\jaime\\OneDrive\\Escritorio\\portable\\xampp\\php\\ext\\php_\\Users\\jaime\\OneDrive\\Escritorio\\portable\\xampp\\php\\ext\\php_xdebug-2.9.2-7.3-vc15-x86_64.dll.dll (No se puede encontrar el m\xf3dulo especificado.)) in Unknown on line 0
[Fri Feb 14 15:08:35.598853 2020] [mpm_winnt:notice] [pid 21136:tid 644] AH00354: Child: Starting 150 worker threads.
[Fri Feb 14 15:09:19.958750 2020] [ssl:warn] [pid 6536:tid 668] AH01909: www.example.com:443:0 server certificate does NOT include an ID which matches the server name
[Fri Feb 14 15:09:19.998707 2020] [core:warn] [pid 6536:tid 668] AH00098: pid file C:/Users/jaime/OneDrive/Escritorio/portable/xampp/apache/logs/httpd.pid overwritten -- Unclean shutdown of previous Apache run?
[Fri Feb 14 15:09:20.008858 2020] [ssl:warn] [pid 6536:tid 668] AH01909: www.example.com:443:0 server certificate does NOT include an ID which matches the server name
[Fri Feb 14 15:09:20.046683 2020] [mpm_winnt:notice] [pid 6536:tid 668] AH00455: Apache/2.4.41 (Win64) OpenSSL/1.1.1c PHP/7.3.14 configured -- resuming normal operations
[Fri Feb 14 15:09:20.046683 2020] [mpm_winnt:notice] [pid 6536:tid 668] AH00456: Apache Lounge VC15 Server built: Aug 11 2019 12:20:04
[Fri Feb 14 15:09:20.046683 2020] [core:notice] [pid 6536:tid 668] AH00094: Command line: 'c:\\users\\jaime\\onedrive\\escritorio\\portable\\xampp\\apache\\bin\\httpd.exe -d C:/Users/jaime/OneDrive/Escritorio/portable/xampp/apache'
[Fri Feb 14 15:09:20.048652 2020] [mpm_winnt:notice] [pid 6536:tid 668] AH00418: Parent: Created child process 5068
[Fri Feb 14 15:09:20.408453 2020] [ssl:warn] [pid 5068:tid 620] AH01909: www.example.com:443:0 server certificate does NOT include an ID which matches the server name
[Fri Feb 14 15:09:20.455127 2020] [ssl:warn] [pid 5068:tid 620] AH01909: www.example.com:443:0 server certificate does NOT include an ID which matches the server name
[Fri Feb 14 15:09:20.478837 2020] [mpm_winnt:notice] [pid 5068:tid 620] AH00354: Child: Starting 150 worker threads.
[Fri Feb 14 15:09:22.498680 2020] [php7:notice] [pid 5068:tid 1892] [client ::1:50799] Xdebug could not open the remote debug file 'c:\\tmp\\xdebug\\xdebug.log'., referer: http://localhost/dashboard/
[Fri Feb 14 15:09:55.248621 2020] [ssl:warn] [pid 16628:tid 576] AH01909: www.example.com:443:0 server certificate does NOT include an ID which matches the server name
[Fri Feb 14 15:09:55.298865 2020] [core:warn] [pid 16628:tid 576] AH00098: pid file C:/Users/jaime/OneDrive/Escritorio/portable/xampp/apache/logs/httpd.pid overwritten -- Unclean shutdown of previous Apache run?
[Fri Feb 14 15:09:55.308676 2020] [ssl:warn] [pid 16628:tid 576] AH01909: www.example.com:443:0 server certificate does NOT include an ID which matches the server name
PHP Warning:  Failed loading Zend extension '\\Users\\jaime\\OneDrive\\Escritorio\\portable\\xampp\\php\\ext\\php_xdebug-2.9.2-7.3-vc15-x86_64.dll' (tried: \\Users\\jaime\\OneDrive\\Escritorio\\portable\\xampp\\php\\ext\\\\Users\\jaime\\OneDrive\\Escritorio\\portable\\xampp\\php\\ext\\php_xdebug-2.9.2-7.3-vc15-x86_64.dll (No se puede encontrar el m\xf3dulo especificado.), \\Users\\jaime\\OneDrive\\Escritorio\\portable\\xampp\\php\\ext\\php_\\Users\\jaime\\OneDrive\\Escritorio\\portable\\xampp\\php\\ext\\php_xdebug-2.9.2-7.3-vc15-x86_64.dll.dll (No se puede encontrar el m\xf3dulo especificado.)) in Unknown on line 0
[Fri Feb 14 15:09:55.338600 2020] [mpm_winnt:notice] [pid 16628:tid 576] AH00455: Apache/2.4.41 (Win64) OpenSSL/1.1.1c PHP/7.3.14 configured -- resuming normal operations
[Fri Feb 14 15:09:55.338600 2020] [mpm_winnt:notice] [pid 16628:tid 576] AH00456: Apache Lounge VC15 Server built: Aug 11 2019 12:20:04
[Fri Feb 14 15:09:55.338600 2020] [core:notice] [pid 16628:tid 576] AH00094: Command line: 'c:\\users\\jaime\\onedrive\\escritorio\\portable\\xampp\\apache\\bin\\httpd.exe -d C:/Users/jaime/OneDrive/Escritorio/portable/xampp/apache'
[Fri Feb 14 15:09:55.338600 2020] [mpm_winnt:notice] [pid 16628:tid 576] AH00418: Parent: Created child process 14896
[Fri Feb 14 15:09:55.750916 2020] [ssl:warn] [pid 14896:tid 616] AH01909: www.example.com:443:0 server certificate does NOT include an ID which matches the server name
[Fri Feb 14 15:09:55.812748 2020] [ssl:warn] [pid 14896:tid 616] AH01909: www.example.com:443:0 server certificate does NOT include an ID which matches the server name
PHP Warning:  Failed loading Zend extension '\\Users\\jaime\\OneDrive\\Escritorio\\portable\\xampp\\php\\ext\\php_xdebug-2.9.2-7.3-vc15-x86_64.dll' (tried: \\Users\\jaime\\OneDrive\\Escritorio\\portable\\xampp\\php\\ext\\\\Users\\jaime\\OneDrive\\Escritorio\\portable\\xampp\\php\\ext\\php_xdebug-2.9.2-7.3-vc15-x86_64.dll (No se puede encontrar el m\xf3dulo especificado.), \\Users\\jaime\\OneDrive\\Escritorio\\portable\\xampp\\php\\ext\\php_\\Users\\jaime\\OneDrive\\Escritorio\\portable\\xampp\\php\\ext\\php_xdebug-2.9.2-7.3-vc15-x86_64.dll.dll (No se puede encontrar el m\xf3dulo especificado.)) in Unknown on line 0
[Fri Feb 14 15:09:55.846658 2020] [mpm_winnt:notice] [pid 14896:tid 616] AH00354: Child: Starting 150 worker threads.
[Fri Feb 14 15:10:30.051627 2020] [ssl:warn] [pid 15084:tid 168] AH01909: www.example.com:443:0 server certificate does NOT include an ID which matches the server name
[Fri Feb 14 15:10:30.093464 2020] [core:warn] [pid 15084:tid 168] AH00098: pid file C:/Users/jaime/OneDrive/Escritorio/portable/xampp/apache/logs/httpd.pid overwritten -- Unclean shutdown of previous Apache run?
[Fri Feb 14 15:10:30.098505 2020] [ssl:warn] [pid 15084:tid 168] AH01909: www.example.com:443:0 server certificate does NOT include an ID which matches the server name
[Fri Feb 14 15:10:30.133764 2020] [mpm_winnt:notice] [pid 15084:tid 168] AH00455: Apache/2.4.41 (Win64) OpenSSL/1.1.1c PHP/7.3.14 configured -- resuming normal operations
[Fri Feb 14 15:10:30.133764 2020] [mpm_winnt:notice] [pid 15084:tid 168] AH00456: Apache Lounge VC15 Server built: Aug 11 2019 12:20:04
[Fri Feb 14 15:10:30.133764 2020] [core:notice] [pid 15084:tid 168] AH00094: Command line: 'c:\\users\\jaime\\onedrive\\escritorio\\portable\\xampp\\apache\\bin\\httpd.exe -d C:/Users/jaime/OneDrive/Escritorio/portable/xampp/apache'
[Fri Feb 14 15:10:30.133764 2020] [mpm_winnt:notice] [pid 15084:tid 168] AH00418: Parent: Created child process 22548
[Fri Feb 14 15:10:30.638717 2020] [ssl:warn] [pid 22548:tid 632] AH01909: www.example.com:443:0 server certificate does NOT include an ID which matches the server name
[Fri Feb 14 15:10:30.698285 2020] [ssl:warn] [pid 22548:tid 632] AH01909: www.example.com:443:0 server certificate does NOT include an ID which matches the server name
[Fri Feb 14 15:10:30.738391 2020] [mpm_winnt:notice] [pid 22548:tid 632] AH00354: Child: Starting 150 worker threads.
[Fri Feb 14 15:10:31.738466 2020] [php7:notice] [pid 22548:tid 1924] [client ::1:50818] Xdebug could not open the remote debug file 'c:\\tmp\\xdebug\\xdebug.log'., referer: http://localhost/dashboard/
[Fri Feb 14 15:10:52.528505 2020] [php7:notice] [pid 22548:tid 1924] [client ::1:50823] Xdebug could not open the remote debug file 'c:\\tmp\\xdebug\\xdebug.log'., referer: http://localhost/dashboard/
[Fri Feb 14 15:13:55.378150 2020] [mpm_winnt:crit] [pid 22548:tid 632] AH02538: Child: Parent process exited abruptly. Child process is ending
[Fri Feb 14 15:30:45.506243 2020] [ssl:warn] [pid 7768:tid 644] AH01909: www.example.com:443:0 server certificate does NOT include an ID which matches the server name
[Fri Feb 14 15:30:45.556228 2020] [core:warn] [pid 7768:tid 644] AH00098: pid file C:/Users/jaime/OneDrive/Escritorio/portable/xampp/apache/logs/httpd.pid overwritten -- Unclean shutdown of previous Apache run?
[Fri Feb 14 15:30:45.556228 2020] [ssl:warn] [pid 7768:tid 644] AH01909: www.example.com:443:0 server certificate does NOT include an ID which matches the server name
[Fri Feb 14 15:30:45.587533 2020] [mpm_winnt:notice] [pid 7768:tid 644] AH00455: Apache/2.4.41 (Win64) OpenSSL/1.1.1c PHP/7.3.14 configured -- resuming normal operations
[Fri Feb 14 15:30:45.587533 2020] [mpm_winnt:notice] [pid 7768:tid 644] AH00456: Apache Lounge VC15 Server built: Aug 11 2019 12:20:04
[Fri Feb 14 15:30:45.587533 2020] [core:notice] [pid 7768:tid 644] AH00094: Command line: 'c:\\users\\jaime\\onedrive\\escritorio\\portable\\xampp\\apache\\bin\\httpd.exe -d C:/Users/jaime/OneDrive/Escritorio/portable/xampp/apache'
[Fri Feb 14 15:30:45.590529 2020] [mpm_winnt:notice] [pid 7768:tid 644] AH00418: Parent: Created child process 24264
[Fri Feb 14 15:30:46.097749 2020] [ssl:warn] [pid 24264:tid 604] AH01909: www.example.com:443:0 server certificate does NOT include an ID which matches the server name
[Fri Feb 14 15:30:46.136366 2020] [ssl:warn] [pid 24264:tid 604] AH01909: www.example.com:443:0 server certificate does NOT include an ID which matches the server name
[Fri Feb 14 15:30:46.156276 2020] [mpm_winnt:notice] [pid 24264:tid 604] AH00354: Child: Starting 150 worker threads.
[Fri Feb 14 15:31:34.896330 2020] [php7:notice] [pid 24264:tid 1868] [client 127.0.0.1:51349] Xdebug could not open the remote debug file 'c:\\tmp\\xdebug\\xdebug.log'., referer: http://localhost/JSON/ejemplos/
